#
# A fatal error has been detected by the Java Runtime Environment:
#
#  SIGSEGV (0xb) at pc=0x000070335939f520, pid=16054, tid=16068
#
# JRE version: Java(TM) SE Runtime Environment Oracle GraalVM 21.0.6+8.1 (21.0.6+8) (build 21.0.6+8-LTS-jvmci-23.1-b55)
# Java VM: Java HotSpot(TM) 64-Bit Server VM Oracle GraalVM 21.0.6+8.1 (21.0.6+8-LTS-jvmci-23.1-b55, mixed mode, sharing, tiered, jvmci, jvmci compiler, compressed oops, compressed class ptrs, g1 gc, linux-amd64)
# Problematic frame:
# C  [libjvmcicompiler.so+0x59f520]  void org.graalvm.compiler.graph.NodeClass::applyHelper(org.graalvm.compiler.graph.Node*, org.graalvm.compiler.graph.Node$EdgeVisitor*, long)+0x50
#
# Core dump will be written. Default location: Core dumps may be processed with "/usr/share/apport/apport -p%p -s%s -c%c -d%d -P%P -u%u -g%g -- %E" (or dumping to /home/dbt19/dev/open-server/core.16054)
#
# If you would like to submit a bug report, please visit:
#   https://bugreport.java.com/bugreport/crash.jsp
# The crash happened outside the Java Virtual Machine in native code.
# See problematic frame for where to report the bug.
#

---------------  S U M M A R Y ------------

Command Line: -XX:ThreadPriorityPolicy=1 -XX:+UnlockExperimentalVMOptions -XX:+EnableJVMCIProduct -XX:-UnlockExperimentalVMOptions com.nonglam.open_server.OpenServerApplication

Host: Intel(R) Core(TM) i5-7200U CPU @ 2.50GHz, 4 cores, 7G, Ubuntu 22.04.5 LTS
Time: Thu Apr 24 01:38:19 2025 +07 elapsed time: 3.358731 seconds (0d 0h 0m 3s)

---------------  T H R E A D  ---------------

Current thread (0x000070338814d630):  JavaThread "JVMCI-native CompilerThread0" daemon [_thread_in_native, id=16068, stack(0x0000703364e00000,0x0000703365000000) (2048K)]


Current CompileTask:
JVMCI-native:   3358 4615       4       jdk.internal.module.SystemModuleFinders$SystemModuleReader::containsImageLocation (42 bytes)

Stack: [0x0000703364e00000,0x0000703365000000],  sp=0x0000703364ffd2a0,  free space=2036k
Native frames: (J=compiled Java code, j=interpreted, Vv=VM code, C=native code)
C  [libjvmcicompiler.so+0x59f520]  void org.graalvm.compiler.graph.NodeClass::applyHelper(org.graalvm.compiler.graph.Node*, org.graalvm.compiler.graph.Node$EdgeVisitor*, long)+0x50
C  [libjvmcicompiler.so+0x7b541f]  void org.graalvm.compiler.phases.common.DeadCodeEliminationPhase::iterateSuccessorsAndInputs(org.graalvm.compiler.graph.NodeFlood*)+0x36f
C  [libjvmcicompiler.so+0x80e467]  void org.graalvm.compiler.phases.common.DeadCodeEliminationPhase::run(org.graalvm.compiler.nodes.StructuredGraph*)+0x267
C  [libjvmcicompiler.so+0x14df2b5]  void org.graalvm.compiler.phases.Phase::run(org.graalvm.compiler.nodes.StructuredGraph*, java.lang.Object*)+0x25
C  [libjvmcicompiler.so+0x583a5b]  void org.graalvm.compiler.phases.BasePhase::apply(org.graalvm.compiler.nodes.StructuredGraph*, java.lang.Object*, boolean)+0x3bb
C  [libjvmcicompiler.so+0xd0dbe8]  void com.oracle.graal.vector.phases.LoopVectorizationPhase::a(org.graalvm.compiler.nodes.StructuredGraph*, java.util.List*, org.graalvm.compiler.phases.tiers.MidTierContext*, org.graalvm.compiler.phases.common.CanonicalizerPhase*)+0x148
C  [libjvmcicompiler.so+0x9ae97a]  void com.oracle.graal.vector.phases.LoopVectorizationPhase::run(org.graalvm.compiler.nodes.StructuredGraph*, org.graalvm.compiler.phases.tiers.MidTierContext*)+0xc5a
C  [libjvmcicompiler.so+0xbc1a05]  void com.oracle.graal.vector.phases.LoopVectorizationPhase::run(org.graalvm.compiler.nodes.StructuredGraph*, java.lang.Object*)+0x35
C  [libjvmcicompiler.so+0x583a5b]  void org.graalvm.compiler.phases.BasePhase::apply(org.graalvm.compiler.nodes.StructuredGraph*, java.lang.Object*, boolean)+0x3bb
C  [libjvmcicompiler.so+0x14c23b0]  void org.graalvm.compiler.core.phases.BaseTier::run(org.graalvm.compiler.nodes.StructuredGraph*, java.lang.Object*)+0x2c0
C  [libjvmcicompiler.so+0x583a5b]  void org.graalvm.compiler.phases.BasePhase::apply(org.graalvm.compiler.nodes.StructuredGraph*, java.lang.Object*, boolean)+0x3bb
C  [libjvmcicompiler.so+0x9a6e85]  void org.graalvm.compiler.core.GraalCompiler::emitFrontEnd(org.graalvm.compiler.phases.util.Providers*, org.graalvm.compiler.phases.tiers.TargetProvider*, org.graalvm.compiler.nodes.StructuredGraph*, org.graalvm.compiler.phases.PhaseSuite*, org.graalvm.compiler.phases.OptimisticOptimizations*, jdk.vm.ci.meta.ProfilingInfo*, org.graalvm.compiler.phases.tiers.Suites*)+0x3e5
C  [libjvmcicompiler.so+0xbb8b25]  org.graalvm.compiler.code.CompilationResult* org.graalvm.compiler.core.GraalCompiler::compile(org.graalvm.compiler.core.GraalCompiler$Request*)+0x105
C  [libjvmcicompiler.so+0x3c8497]  org.graalvm.compiler.code.CompilationResult* org.graalvm.compiler.hotspot.HotSpotGraalCompiler::compileHelper(org.graalvm.compiler.lir.asm.CompilationResultBuilderFactory*, org.graalvm.compiler.code.CompilationResult*, org.graalvm.compiler.nodes.StructuredGraph*, boolean, boolean, org.graalvm.compiler.options.OptionValues*)+0x3e7
C  [libjvmcicompiler.so+0x3c77ef]  org.graalvm.compiler.code.CompilationResult* org.graalvm.compiler.hotspot.HotSpotGraalCompiler::compile(org.graalvm.compiler.nodes.StructuredGraph*, boolean, boolean, org.graalvm.compiler.core.common.CompilationIdentifier*, org.graalvm.compiler.debug.DebugContext*)+0x37f
C  [libjvmcicompiler.so+0xb2fb4a]  jdk.vm.ci.hotspot.HotSpotCompilationRequestResult* org.graalvm.compiler.hotspot.CompilationTask$HotSpotCompilationWrapper::performCompilation(org.graalvm.compiler.debug.DebugContext*)+0x61a
C  [libjvmcicompiler.so+0xbecbdb]  java.lang.Object* org.graalvm.compiler.hotspot.CompilationTask$HotSpotCompilationWrapper::performCompilation(org.graalvm.compiler.debug.DebugContext*)+0x1b
C  [libjvmcicompiler.so+0xbbb2fb]  java.lang.Object* org.graalvm.compiler.core.CompilationWrapper::run(org.graalvm.compiler.debug.DebugContext*)+0x8b
C  [libjvmcicompiler.so+0x9e7616]  jdk.vm.ci.hotspot.HotSpotCompilationRequestResult* org.graalvm.compiler.hotspot.CompilationTask::runCompilation(org.graalvm.compiler.debug.DebugContext*, org.graalvm.compiler.hotspot.CompilationTask$HotSpotCompilationWrapper*)+0x166
C  [libjvmcicompiler.so+0xbec9cb]  jdk.vm.ci.hotspot.HotSpotCompilationRequestResult* org.graalvm.compiler.hotspot.CompilationTask::runCompilation(org.graalvm.compiler.debug.DebugContext*)+0x9b
C  [libjvmcicompiler.so+0xbeecea]  jdk.vm.ci.code.CompilationRequestResult* org.graalvm.compiler.hotspot.HotSpotGraalCompiler::compileMethod(jdk.vm.ci.code.CompilationRequest*, boolean, org.graalvm.compiler.options.OptionValues*)+0x76a
C  [libjvmcicompiler.so+0xbf0d8a]  jdk.vm.ci.code.CompilationRequestResult* org.graalvm.compiler.hotspot.HotSpotGraalCompiler::compileMethod(org.graalvm.compiler.hotspot.HotSpotGraalCompiler*, jdk.vm.ci.code.CompilationRequest*)+0xca
C  [libjvmcicompiler.so+0xbf1e07]  jdk.vm.ci.hotspot.HotSpotCompilationRequestResult* jdk.vm.ci.hotspot.HotSpotJVMCIRuntime::compileMethod(jdk.vm.ci.hotspot.HotSpotResolvedJavaMethod*, int, long, int)+0xc7
C  [libjvmcicompiler.so+0x1374363]  long com.oracle.svm.core.jni.JNIJavaCallWrapperHolder::invoke_AIJI_A(long, long, int, long, int, long, int)+0x2d3
C  [libjvmcicompiler.so+0x1ffad2]  long com.oracle.svm.core.jni.JNIJavaCallVariantWrapperHolder::invokeJJIJIJI_J_VA_LIST_Nonvirtual(long, long, long, long, long)+0x162
V  [libjvm.so+0xa4e77a]  JNIEnv_::CallNonvirtualObjectMethod(_jobject*, _jclass*, _jmethodID*, ...)+0x7a
V  [libjvm.so+0xa3f604]  JVMCIEnv::call_HotSpotJVMCIRuntime_compileMethod(JVMCIObject, JVMCIObject, int, long, int)+0x294
V  [libjvm.so+0xa79b8f]  JVMCIRuntime::compile_method(JVMCIEnv*, JVMCICompiler*, methodHandle const&, int)+0x11f
V  [libjvm.so+0x651132]  CompileBroker::invoke_compiler_on_method(CompileTask*)+0x11b2
V  [libjvm.so+0x653bf8]  CompileBroker::compiler_thread_loop()+0x6a8
V  [libjvm.so+0x901448]  JavaThread::thread_main_inner() [clone .part.0]+0xb8
V  [libjvm.so+0xeb59c8]  Thread::call_run()+0xa8
V  [libjvm.so+0xcd7eea]  thread_native_entry(Thread*)+0xda

siginfo: si_signo: 11 (SIGSEGV), si_code: 2 (SEGV_ACCERR), si_addr: 0x0000702ebfdff814

Registers:
RAX=0x0000702ac1819fa8, RBX=0x000000007fffff00, RCX=0x000fba76000bc43b, RDX=0x0000000000000038
RSP=0x0000703364ffd2a0, RBP=0x0000703364ffd300, RSI=0x0000702ac1819fa8, RDI=0x0000702ac157ec88
R8 =0x0000000000000000, R9 =0x00000000000b23dc, R10=0x00000000002efd91, R11=0x00000000003433e1
R12=0x00000fba76000bc4, R13=0x0000000000000001, R14=0x0000702abfe00000, R15=0x00007032d84ce640
RIP=0x000070335939f520, EFLAGS=0x0000000000010206, CSGSFS=0x002b000000000033, ERR=0x0000000000000004
  TRAPNO=0x000000000000000e


Register to memory mapping:

RAX=0x0000702ac1819fa8 points into unknown readable memory: 0x000000000090ae28 | 28 ae 90 00 00 00 00 00
RBX=0x000000007fffff00 is an unknown value
RCX=0x000fba76000bc43b is an unknown value
RDX=0x0000000000000038 is an unknown value
RSP=0x0000703364ffd2a0 is pointing into the stack for thread: 0x000070338814d630
RBP=0x0000703364ffd300 is pointing into the stack for thread: 0x000070338814d630
RSI=0x0000702ac1819fa8 points into unknown readable memory: 0x000000000090ae28 | 28 ae 90 00 00 00 00 00
RDI=0x0000702ac157ec88 points into unknown readable memory: 0x00000000008179a8 | a8 79 81 00 00 00 00 00
R8 =0x0 is null
R9 =0x00000000000b23dc is an unknown value
R10=0x00000000002efd91 is an unknown value
R11=0x00000000003433e1 is an unknown value
R12=0x00000fba76000bc4 is an unknown value
R13=0x0000000000000001 is an unknown value
R14=0x0000702abfe00000 is an unknown value
R15=0x00007032d84ce640 points into unknown readable memory: 0x0000702ac060e010 | 10 e0 60 c0 2a 70 00 00

Top of Stack: (sp=0x0000703364ffd2a0)
0x0000703364ffd2a0:   0000703364ffd2d0 00007033593de929
0x0000703364ffd2b0:   0000702ac1818b40 0000702ac16f50d0
0x0000703364ffd2c0:   0000000064ffd330 003431d40031ea1a
0x0000703364ffd2d0:   0000702ebfdff800 7fffff0059a5bf5c
0x0000703364ffd2e0:   0000702ac1819fa8 0000702ac157ec88
0x0000703364ffd2f0:   0010bcc70016f62a 0000702ac16f3fc8
0x0000703364ffd300:   0000703364ffd3c0 00007033595b541f
0x0000703364ffd310:   0000703364ffd360 000070338cffd240
0x0000703364ffd320:   000070335938a728 0000703364ffd380
0x0000703364ffd330:   0000702abfe00000 00007032d84ce640
0x0000703364ffd340:   0000702ac1819f08 002efd91000b23dc
0x0000703364ffd350:   0000702b0b6f4818 0000702ac16b7ec0
0x0000703364ffd360:   0000702ac157ec88 000070335986eb55
0x0000703364ffd370:   0000702ac1819fa8 003433e8c2702e20
0x0000703364ffd380:   0000702ac1819f40 0000702ac1819f08
0x0000703364ffd390:   0000000100000000 000fba76000bc43b
0x0000703364ffd3a0:   00000fba76000bc4 00000001c1cc1568
0x0000703364ffd3b0:   0000000000000038 0000000059389c1a
0x0000703364ffd3c0:   0000703364ffd410 000070335960e467
0x0000703364ffd3d0:   0000702ac073b430 003d82adc16f4150
0x0000703364ffd3e0:   0000702ac27511f0 0000702ac070ac18
0x0000703364ffd3f0:   0000702ac1819f08 0068023359d22e80
0x0000703364ffd400:   0000702ac3201198 000002dbc3200f98
0x0000703364ffd410:   0000703364ffd430 000070335a2df2b5
0x0000703364ffd420:   0000702ac09dbfa0 0000000259b3f8b0
0x0000703364ffd430:   0000703364ffd510 0000703359383a5b
0x0000703364ffd440:   00119844c3202b58 0000702ac1cc1568
0x0000703364ffd450:   0000702ac02ecab0 0000702ac2b9cc48
0x0000703364ffd460:   0000702abfe00000 0000702ac02ecab0
0x0000703364ffd470:   0000702ac2b9cc48 0000702abfe00000
0x0000703364ffd480:   0000703364ffd590 00007033598d73ca
0x0000703364ffd490:   0000702ac068a328 0000702abfe00000 

Instructions: (pc=0x000070335939f520)
0x000070335939f420:   8b 37 48 f7 c6 02 00 00 00 0f 85 16 00 00 00 48
0x000070335939f430:   8b 54 24 38 8b 44 24 34 48 8b 74 24 18 66 66 90
0x000070335939f440:   e9 eb fd ff ff 48 2b f6 49 3b fe 48 0f 45 f7 48
0x000070335939f450:   8b d6 48 81 e2 00 00 f8 ff 48 8d 82 30 08 00 00
0x000070335939f460:   48 2b f0 48 c1 ee 09 80 7c 32 30 00 0f 84 18 00
0x000070335939f470:   00 00 c6 44 32 30 00 48 8b 54 24 38 8b 44 24 34
0x000070335939f480:   48 8b 74 24 18 e9 a6 fd ff ff 48 8b 54 24 38 8b
0x000070335939f490:   44 24 34 48 8b 74 24 18 e9 93 fd ff ff 66 66 90
0x000070335939f4a0:   e8 7b 58 15 01 90 4f 8b 94 e6 a8 00 00 00 4c 8b
0x000070335939f4b0:   e7 48 8b fe 49 8b f4 49 8b d3 49 8b c2 ff d0 90
0x000070335939f4c0:   e9 69 fe ff ff cc cc cc cc cc cc cc cc cc cc cc
0x000070335939f4d0:   48 8d 5c 24 98 49 3b 5f 08 0f 86 01 7d 10 01 55
0x000070335939f4e0:   48 8b ec 48 8b e3 8b 1c 17 0f 1f 80 00 00 00 00
0x000070335939f4f0:   85 db 0f 84 38 03 00 00 48 89 7c 24 48 48 89 74
0x000070335939f500:   24 40 89 5c 24 3c 4d 8d 04 de 4c 89 44 24 30 41
0x000070335939f510:   b8 00 00 00 00 66 66 66 0f 1f 84 00 00 00 00 00
0x000070335939f520:   45 3b 44 de 14 0f 8d ea 02 00 00 44 89 44 24 5c
0x000070335939f530:   41 8b 4c de 10 85 c9 0f 84 0b 03 00 00 41 8b 44
0x000070335939f540:   ce 08 41 3b c0 0f 86 03 03 00 00 49 8d 0c ce 45
0x000070335939f550:   8b d0 42 8b 44 91 0c 45 8b d8 41 ff c3 44 89 5c
0x000070335939f560:   24 58 85 c0 0f 84 64 01 00 00 4d 8d 24 c6 4c 89
0x000070335939f570:   64 24 28 49 3b f6 0f 84 de 02 00 00 4c 89 54 24
0x000070335939f580:   50 8b 0e c1 e9 03 66 66 0f 1f 84 00 00 00 00 00
0x000070335939f590:   81 f9 c5 15 12 00 0f 85 b9 01 00 00 8b 56 08 85
0x000070335939f5a0:   d2 0f 84 b9 02 00 00 41 8b 4c d6 08 4d 8d 2c d6
0x000070335939f5b0:   4c 89 6c 24 20 85 c9 0f 84 a9 02 00 00 45 8b 6c
0x000070335939f5c0:   c6 28 45 85 ed 0f 8c a1 02 00 00 41 8b 4c ce 10
0x000070335939f5d0:   85 c9 0f 84 c4 02 00 00 45 8b 44 ce 08 45 8b cd
0x000070335939f5e0:   41 c1 e9 06 45 3b c1 0f 86 b5 02 00 00 4d 8d 04
0x000070335939f5f0:   ce 45 8b c9 4b 8b 4c c8 10 49 c7 c2 01 00 00 00
0x000070335939f600:   4c 8b e1 41 8b cd 49 d3 e2 0f 1f 80 00 00 00 00
0x000070335939f610:   4d 85 e2 0f 85 c8 00 00 00 4d 0b d4 4f 89 54 c8 


Stack slot to memory mapping:

stack at sp + 0 slots: 0x0000703364ffd2d0 is pointing into the stack for thread: 0x000070338814d630
stack at sp + 1 slots: 0x00007033593de929: <offset 0x00000000005de929> in /home/dbt19/.sdkman/candidates/java/21.0.6-graal/lib/libjvmcicompiler.so at 0x0000703358e00000
stack at sp + 2 slots: 0x0000702ac1818b40 points into unknown readable memory: 0x0000000000818e98 | 98 8e 81 00 00 00 00 00
stack at sp + 3 slots: 0x0000702ac16f50d0 points into unknown readable memory: 0x00000000008ae138 | 38 e1 8a 00 00 00 00 00
stack at sp + 4 slots: 0x0000000064ffd330 is an unknown value
stack at sp + 5 slots: 0x003431d40031ea1a is an unknown value
stack at sp + 6 slots: 0x0000702ebfdff800 is an unknown value
stack at sp + 7 slots: 0x7fffff0059a5bf5c is an unknown value


---------------  P R O C E S S  ---------------

Threads class SMR info:
_java_thread_list=0x0000702a981119f0, length=13, elements={
0x000070338802b920, 0x00007033881461e0, 0x0000703388147740, 0x0000703388148ee0,
0x000070338814a510, 0x000070338814baa0, 0x000070338814d630, 0x000070338814ece0,
0x00007033881caec0, 0x00007032d404ecc0, 0x000070338822fce0, 0x0000703388534250,
0x0000702aac007e10
}

Java Threads: ( => current thread )
  0x000070338802b920 JavaThread "main"                              [_thread_blocked, id=16055, stack(0x000070338db00000,0x000070338dc00000) (1024K)]
  0x00007033881461e0 JavaThread "Reference Handler"          daemon [_thread_blocked, id=16063, stack(0x0000703365cfe000,0x0000703365dfe000) (1024K)]
  0x0000703388147740 JavaThread "Finalizer"                  daemon [_thread_blocked, id=16064, stack(0x0000703365300000,0x0000703365400000) (1024K)]
  0x0000703388148ee0 JavaThread "Signal Dispatcher"          daemon [_thread_blocked, id=16065, stack(0x0000703365200000,0x0000703365300000) (1024K)]
  0x000070338814a510 JavaThread "Service Thread"             daemon [_thread_blocked, id=16066, stack(0x0000703365100000,0x0000703365200000) (1024K)]
  0x000070338814baa0 JavaThread "Monitor Deflation Thread"   daemon [_thread_blocked, id=16067, stack(0x0000703365000000,0x0000703365100000) (1024K)]
=>0x000070338814d630 JavaThread "JVMCI-native CompilerThread0" daemon [_thread_in_native, id=16068, stack(0x0000703364e00000,0x0000703365000000) (2048K)]
  0x000070338814ece0 JavaThread "C1 CompilerThread0"         daemon [_thread_blocked, id=16069, stack(0x0000703364c00000,0x0000703364e00000) (2048K)]
  0x00007033881caec0 JavaThread "Common-Cleaner"             daemon [_thread_blocked, id=16070, stack(0x0000703364a30000,0x0000703364b30000) (1024K)]
  0x00007032d404ecc0 JavaThread "C1 CompilerThread1"         daemon [_thread_blocked, id=16071, stack(0x0000703364800000,0x0000703364a00000) (2048K)]
  0x000070338822fce0 JavaThread "Notification Thread"        daemon [_thread_blocked, id=16072, stack(0x0000703364700000,0x0000703364800000) (1024K)]
  0x0000703388534250 JavaThread "Thread-0"                          [_thread_blocked, id=16075, stack(0x00007033643fe000,0x00007033644fe000) (1024K)]
  0x0000702aac007e10 JavaThread "restartedMain"                     [_thread_in_Java, id=16076, stack(0x00007033642fe000,0x00007033643fe000) (1024K)]
Total: 13

Other Threads:
  0x000070338813b5c0 VMThread "VM Thread"                           [id=16062, stack(0x0000703365dff000,0x0000703365eff000) (1024K)]
  0x00007033881282f0 WatcherThread "VM Periodic Task Thread"        [id=16061, stack(0x0000703365f00000,0x0000703366000000) (1024K)]
  0x00007033880820d0 WorkerThread "GC Thread#0"                     [id=16056, stack(0x0000703387ebf000,0x0000703387fbf000) (1024K)]
  0x00007032fc007190 WorkerThread "GC Thread#1"                     [id=16073, stack(0x0000703364600000,0x0000703364700000) (1024K)]
  0x00007032fc007ca0 WorkerThread "GC Thread#2"                     [id=16074, stack(0x00007033644ff000,0x00007033645ff000) (1024K)]
  0x00007032fc00f950 WorkerThread "GC Thread#3"                     [id=16077, stack(0x00007033641fe000,0x00007033642fe000) (1024K)]
  0x0000703388092b40 ConcurrentGCThread "G1 Main Marker"            [id=16057, stack(0x000070336e700000,0x000070336e800000) (1024K)]
  0x0000703388093ae0 WorkerThread "G1 Conc#0"                       [id=16058, stack(0x000070336c700000,0x000070336c800000) (1024K)]
  0x0000703388115b80 ConcurrentGCThread "G1 Refine#0"               [id=16059, stack(0x000070336c1fb000,0x000070336c2fb000) (1024K)]
  0x0000703388116b30 ConcurrentGCThread "G1 Service"                [id=16060, stack(0x000070336c0fa000,0x000070336c1fa000) (1024K)]
Total: 10

Threads with active compile tasks:
JVMCI-native CompilerThread0     3380 4615       4       jdk.internal.module.SystemModuleFinders$SystemModuleReader::containsImageLocation (42 bytes)
Total: 1

VM state: not at safepoint (normal execution)

VM Mutex/Monitor currently owned by a thread: None

Heap address: 0x0000000085c00000, size: 1956 MB, Compressed Oops mode: 32-bit

CDS archive(s) mapped at: [0x000070330f000000-0x000070330fc9a000-0x000070330fc9a000), size 13213696, SharedBaseAddress: 0x000070330f000000, ArchiveRelocationMode: 1.
Compressed class space mapped at: 0x0000703310000000-0x0000703350000000, reserved size: 1073741824
Narrow klass base: 0x000070330f000000, Narrow klass shift: 0, Narrow klass range: 0x100000000

GC Precious Log:
 CardTable entry size: 512
 Card Set container configuration: InlinePtr #cards 5 size 8 Array Of Cards #cards 12 size 40 Howl #buckets 4 coarsen threshold 1843 Howl Bitmap #cards 512 size 80 coarsen threshold 460 Card regions per heap region 1 cards per card region 2048
 CPUs: 4 total, 4 available
 Memory: 7823M
 Large Page Support: Disabled
 NUMA Support: Disabled
 Compressed Oops: Enabled (32-bit)
 Heap Region Size: 1M
 Heap Min Capacity: 8M
 Heap Initial Capacity: 124M
 Heap Max Capacity: 1956M
 Pre-touch: Disabled
 Parallel Workers: 4
 Concurrent Workers: 1
 Concurrent Refinement Workers: 4
 Periodic GC: Disabled

Heap:
 garbage-first heap   total 65536K, used 47901K [0x0000000085c00000, 0x0000000100000000)
  region size 1024K, 32 young (32768K), 3 survivors (3072K)
 Metaspace       used 32017K, committed 32512K, reserved 1114112K
  class space    used 3802K, committed 4032K, reserved 1048576K

Heap Regions: E=young(eden), S=young(survivor), O=old, HS=humongous(starts), HC=humongous(continues), CS=collection set, F=free, TAMS=top-at-mark-start, PB=parsable bottom
|   0|0x0000000085c00000, 0x0000000085d00000, 0x0000000085d00000|100%|HS|  |TAMS 0x0000000085c00000| PB 0x0000000085c00000| Complete 
|   1|0x0000000085d00000, 0x0000000085e00000, 0x0000000085e00000|100%|HS|  |TAMS 0x0000000085d00000| PB 0x0000000085d00000| Complete 
|   2|0x0000000085e00000, 0x0000000085f00000, 0x0000000085f00000|100%| O|  |TAMS 0x0000000085e00000| PB 0x0000000085e00000| Untracked 
|   3|0x0000000085f00000, 0x0000000086000000, 0x0000000086000000|100%| O|  |TAMS 0x0000000085f00000| PB 0x0000000085f00000| Untracked 
|   4|0x0000000086000000, 0x0000000086100000, 0x0000000086100000|100%| O|  |TAMS 0x0000000086000000| PB 0x0000000086000000| Untracked 
|   5|0x0000000086100000, 0x0000000086200000, 0x0000000086200000|100%| O|  |TAMS 0x0000000086100000| PB 0x0000000086100000| Untracked 
|   6|0x0000000086200000, 0x0000000086300000, 0x0000000086300000|100%| O|  |TAMS 0x0000000086200000| PB 0x0000000086200000| Untracked 
|   7|0x0000000086300000, 0x0000000086400000, 0x0000000086400000|100%| O|  |TAMS 0x0000000086300000| PB 0x0000000086300000| Untracked 
|   8|0x0000000086400000, 0x000000008645e400, 0x0000000086500000| 36%| O|Cm|TAMS 0x0000000086400000| PB 0x0000000086400000| Complete 
|   9|0x0000000086500000, 0x0000000086600000, 0x0000000086600000|100%| O|  |TAMS 0x0000000086500000| PB 0x0000000086500000| Untracked 
|  10|0x0000000086600000, 0x0000000086700000, 0x0000000086700000|100%| O|  |TAMS 0x0000000086600000| PB 0x0000000086600000| Untracked 
|  11|0x0000000086700000, 0x0000000086800000, 0x0000000086800000|100%| O|  |TAMS 0x0000000086700000| PB 0x0000000086700000| Untracked 
|  12|0x0000000086800000, 0x0000000086900000, 0x0000000086900000|100%| O|  |TAMS 0x0000000086800000| PB 0x0000000086800000| Untracked 
|  13|0x0000000086900000, 0x0000000086a00000, 0x0000000086a00000|100%| O|  |TAMS 0x0000000086900000| PB 0x0000000086900000| Untracked 
|  14|0x0000000086a00000, 0x0000000086b00000, 0x0000000086b00000|100%| O|  |TAMS 0x0000000086a00000| PB 0x0000000086a00000| Untracked 
|  15|0x0000000086b00000, 0x0000000086b7f000, 0x0000000086c00000| 49%| O|  |TAMS 0x0000000086b00000| PB 0x0000000086b00000| Untracked 
|  16|0x0000000086c00000, 0x0000000086c00000, 0x0000000086d00000|  0%| F|  |TAMS 0x0000000086c00000| PB 0x0000000086c00000| Untracked 
|  17|0x0000000086d00000, 0x0000000086d00000, 0x0000000086e00000|  0%| F|  |TAMS 0x0000000086d00000| PB 0x0000000086d00000| Untracked 
|  18|0x0000000086e00000, 0x0000000086e00000, 0x0000000086f00000|  0%| F|  |TAMS 0x0000000086e00000| PB 0x0000000086e00000| Untracked 
|  19|0x0000000086f00000, 0x0000000086f00000, 0x0000000087000000|  0%| F|  |TAMS 0x0000000086f00000| PB 0x0000000086f00000| Untracked 
|  20|0x0000000087000000, 0x0000000087000000, 0x0000000087100000|  0%| F|  |TAMS 0x0000000087000000| PB 0x0000000087000000| Untracked 
|  21|0x0000000087100000, 0x0000000087100000, 0x0000000087200000|  0%| F|  |TAMS 0x0000000087100000| PB 0x0000000087100000| Untracked 
|  22|0x0000000087200000, 0x0000000087300000, 0x0000000087300000|100%| S|CS|TAMS 0x0000000087200000| PB 0x0000000087200000| Complete 
|  23|0x0000000087300000, 0x0000000087400000, 0x0000000087400000|100%| S|CS|TAMS 0x0000000087300000| PB 0x0000000087300000| Complete 
|  24|0x0000000087400000, 0x0000000087500000, 0x0000000087500000|100%| S|CS|TAMS 0x0000000087400000| PB 0x0000000087400000| Complete 
|  25|0x0000000087500000, 0x0000000087500000, 0x0000000087600000|  0%| F|  |TAMS 0x0000000087500000| PB 0x0000000087500000| Untracked 
|  26|0x0000000087600000, 0x0000000087600000, 0x0000000087700000|  0%| F|  |TAMS 0x0000000087600000| PB 0x0000000087600000| Untracked 
|  27|0x0000000087700000, 0x0000000087700000, 0x0000000087800000|  0%| F|  |TAMS 0x0000000087700000| PB 0x0000000087700000| Untracked 
|  28|0x0000000087800000, 0x0000000087800000, 0x0000000087900000|  0%| F|  |TAMS 0x0000000087800000| PB 0x0000000087800000| Untracked 
|  29|0x0000000087900000, 0x0000000087900000, 0x0000000087a00000|  0%| F|  |TAMS 0x0000000087900000| PB 0x0000000087900000| Untracked 
|  30|0x0000000087a00000, 0x0000000087a00000, 0x0000000087b00000|  0%| F|  |TAMS 0x0000000087a00000| PB 0x0000000087a00000| Untracked 
|  31|0x0000000087b00000, 0x0000000087b00000, 0x0000000087c00000|  0%| F|  |TAMS 0x0000000087b00000| PB 0x0000000087b00000| Untracked 
|  32|0x0000000087c00000, 0x0000000087c00000, 0x0000000087d00000|  0%| F|  |TAMS 0x0000000087c00000| PB 0x0000000087c00000| Untracked 
|  33|0x0000000087d00000, 0x0000000087d00000, 0x0000000087e00000|  0%| F|  |TAMS 0x0000000087d00000| PB 0x0000000087d00000| Untracked 
|  34|0x0000000087e00000, 0x0000000087e72780, 0x0000000087f00000| 44%| E|  |TAMS 0x0000000087e00000| PB 0x0000000087e00000| Complete 
|  35|0x0000000087f00000, 0x0000000088000000, 0x0000000088000000|100%| E|CS|TAMS 0x0000000087f00000| PB 0x0000000087f00000| Complete 
|  36|0x0000000088000000, 0x0000000088100000, 0x0000000088100000|100%| E|CS|TAMS 0x0000000088000000| PB 0x0000000088000000| Complete 
|  37|0x0000000088100000, 0x0000000088200000, 0x0000000088200000|100%| E|CS|TAMS 0x0000000088100000| PB 0x0000000088100000| Complete 
|  38|0x0000000088200000, 0x0000000088300000, 0x0000000088300000|100%| E|CS|TAMS 0x0000000088200000| PB 0x0000000088200000| Complete 
|  39|0x0000000088300000, 0x0000000088400000, 0x0000000088400000|100%| E|CS|TAMS 0x0000000088300000| PB 0x0000000088300000| Complete 
|  40|0x0000000088400000, 0x0000000088500000, 0x0000000088500000|100%| E|CS|TAMS 0x0000000088400000| PB 0x0000000088400000| Complete 
|  41|0x0000000088500000, 0x0000000088600000, 0x0000000088600000|100%| E|CS|TAMS 0x0000000088500000| PB 0x0000000088500000| Complete 
|  42|0x0000000088600000, 0x0000000088700000, 0x0000000088700000|100%| E|CS|TAMS 0x0000000088600000| PB 0x0000000088600000| Complete 
|  43|0x0000000088700000, 0x0000000088800000, 0x0000000088800000|100%| E|CS|TAMS 0x0000000088700000| PB 0x0000000088700000| Complete 
|  44|0x0000000088800000, 0x0000000088900000, 0x0000000088900000|100%| E|CS|TAMS 0x0000000088800000| PB 0x0000000088800000| Complete 
|  45|0x0000000088900000, 0x0000000088a00000, 0x0000000088a00000|100%| E|CS|TAMS 0x0000000088900000| PB 0x0000000088900000| Complete 
|  46|0x0000000088a00000, 0x0000000088b00000, 0x0000000088b00000|100%| E|CS|TAMS 0x0000000088a00000| PB 0x0000000088a00000| Complete 
|  47|0x0000000088b00000, 0x0000000088c00000, 0x0000000088c00000|100%| E|CS|TAMS 0x0000000088b00000| PB 0x0000000088b00000| Complete 
|  48|0x0000000088c00000, 0x0000000088d00000, 0x0000000088d00000|100%| E|CS|TAMS 0x0000000088c00000| PB 0x0000000088c00000| Complete 
|  49|0x0000000088d00000, 0x0000000088e00000, 0x0000000088e00000|100%| E|CS|TAMS 0x0000000088d00000| PB 0x0000000088d00000| Complete 
|  50|0x0000000088e00000, 0x0000000088f00000, 0x0000000088f00000|100%| E|CS|TAMS 0x0000000088e00000| PB 0x0000000088e00000| Complete 
|  51|0x0000000088f00000, 0x0000000089000000, 0x0000000089000000|100%| E|CS|TAMS 0x0000000088f00000| PB 0x0000000088f00000| Complete 
|  52|0x0000000089000000, 0x0000000089100000, 0x0000000089100000|100%| E|CS|TAMS 0x0000000089000000| PB 0x0000000089000000| Complete 
|  53|0x0000000089100000, 0x0000000089200000, 0x0000000089200000|100%| E|CS|TAMS 0x0000000089100000| PB 0x0000000089100000| Complete 
|  69|0x000000008a100000, 0x000000008a200000, 0x000000008a200000|100%| E|CS|TAMS 0x000000008a100000| PB 0x000000008a100000| Complete 
|  70|0x000000008a200000, 0x000000008a300000, 0x000000008a300000|100%| E|CS|TAMS 0x000000008a200000| PB 0x000000008a200000| Complete 
|  71|0x000000008a300000, 0x000000008a400000, 0x000000008a400000|100%| E|CS|TAMS 0x000000008a300000| PB 0x000000008a300000| Complete 
|  72|0x000000008a400000, 0x000000008a500000, 0x000000008a500000|100%| E|CS|TAMS 0x000000008a400000| PB 0x000000008a400000| Complete 
|  73|0x000000008a500000, 0x000000008a600000, 0x000000008a600000|100%| E|CS|TAMS 0x000000008a500000| PB 0x000000008a500000| Complete 
|  74|0x000000008a600000, 0x000000008a700000, 0x000000008a700000|100%| E|CS|TAMS 0x000000008a600000| PB 0x000000008a600000| Complete 
|  75|0x000000008a700000, 0x000000008a800000, 0x000000008a800000|100%| E|CS|TAMS 0x000000008a700000| PB 0x000000008a700000| Complete 
|  76|0x000000008a800000, 0x000000008a900000, 0x000000008a900000|100%| E|CS|TAMS 0x000000008a800000| PB 0x000000008a800000| Complete 
| 123|0x000000008d700000, 0x000000008d800000, 0x000000008d800000|100%| E|CS|TAMS 0x000000008d700000| PB 0x000000008d700000| Complete 
|1955|0x00000000fff00000, 0x00000000fffea2e8, 0x0000000100000000| 91%| O|  |TAMS 0x00000000fff00000| PB 0x00000000fff00000| Untracked 

Card table byte_map: [0x000070336e800000,0x000070336ebd2000] _byte_map_base: 0x000070336e3d2000

Marking Bits: (CMBitMap*) 0x0000703388082bf0
 Bits: [0x000070336c800000, 0x000070336e690000)

Polling page: 0x000070338df61000

Metaspace:

Usage:
  Non-class:     27,57 MB used.
      Class:      3,71 MB used.
       Both:     31,28 MB used.

Virtual space:
  Non-class space:       64,00 MB reserved,      27,88 MB ( 44%) committed,  1 nodes.
      Class space:        1,00 GB reserved,       3,94 MB ( <1%) committed,  1 nodes.
             Both:        1,06 GB reserved,      31,81 MB (  3%) committed. 

Chunk freelists:
   Non-Class:  3,98 MB
       Class:  12,02 MB
        Both:  16,00 MB

MaxMetaspaceSize: unlimited
CompressedClassSpaceSize: 1,00 GB
Initial GC threshold: 21,00 MB
Current GC threshold: 35,12 MB
CDS: on
 - commit_granule_bytes: 65536.
 - commit_granule_words: 8192.
 - virtual_space_node_default_size: 8388608.
 - enlarge_chunks_in_place: 1.
 - use_allocation_guard: 0.


Internal statistics:

num_allocs_failed_limit: 3.
num_arena_births: 574.
num_arena_deaths: 0.
num_vsnodes_births: 2.
num_vsnodes_deaths: 0.
num_space_committed: 509.
num_space_uncommitted: 0.
num_chunks_returned_to_freelist: 3.
num_chunks_taken_from_freelist: 1777.
num_chunk_merges: 3.
num_chunk_splits: 1160.
num_chunks_enlarged: 791.
num_inconsistent_stats: 0.

CodeHeap 'non-profiled nmethods': size=119752Kb used=1303Kb max_used=1303Kb free=118448Kb
 bounds [0x0000703376b0e000, 0x0000703376d7e000, 0x000070337e000000]
CodeHeap 'profiled nmethods': size=119752Kb used=9176Kb max_used=9176Kb free=110575Kb
 bounds [0x000070336f000000, 0x000070336f900000, 0x00007033764f2000]
CodeHeap 'non-nmethods': size=6256Kb used=2016Kb max_used=2032Kb free=4239Kb
 bounds [0x00007033764f2000, 0x0000703376762000, 0x0000703376b0e000]
 total_blobs=5222 nmethods=4683 adapters=446
 compilation: enabled
              stopped_count=0, restarted_count=0
 full_count=0

JVMCI Events (20 events):
Event: 2,833 Thread 0x000070338814d630 compacted oop handles in JVMCI runtime 0 from 136 to 134
Event: 2,842 Thread 0x000070338814d630 compacted oop handles in JVMCI runtime 0 from 166 to 165
Event: 2,850 Thread 0x000070338814d630 compacted oop handles in JVMCI runtime 0 from 177 to 176
Event: 2,906 Thread 0x000070338814d630 compacted oop handles in JVMCI runtime 0 from 242 to 221
Event: 2,906 Thread 0x000070338814d630 compacted oop handles in JVMCI runtime 0 from 221 to 155
Event: 2,925 Thread 0x000070338814d630 compacted oop handles in JVMCI runtime 0 from 171 to 169
Event: 2,950 Thread 0x000070338814d630 compacted oop handles in JVMCI runtime 0 from 201 to 200
Event: 3,087 Thread 0x000070338814d630 compacted oop handles in JVMCI runtime 0 from 325 to 288
Event: 3,088 Thread 0x000070338814d630 compacted oop handles in JVMCI runtime 0 from 289 to 127
Event: 3,118 Thread 0x000070338814d630 compacted oop handles in JVMCI runtime 0 from 187 to 185
Event: 3,129 Thread 0x000070338814d630 compacted oop handles in JVMCI runtime 0 from 198 to 195
Event: 3,135 Thread 0x000070338814d630 compacted oop handles in JVMCI runtime 0 from 200 to 197
Event: 3,172 Thread 0x000070338814d630 compacted oop handles in JVMCI runtime 0 from 255 to 242
Event: 3,172 Thread 0x000070338814d630 compacted oop handles in JVMCI runtime 0 from 242 to 166
Event: 3,186 Thread 0x000070338814d630 compacted oop handles in JVMCI runtime 0 from 182 to 181
Event: 3,218 Thread 0x000070338814d630 compacted oop handles in JVMCI runtime 0 from 196 to 193
Event: 3,279 Thread 0x000070338814d630 compacted oop handles in JVMCI runtime 0 from 251 to 233
Event: 3,279 Thread 0x000070338814d630 compacted oop handles in JVMCI runtime 0 from 234 to 190
Event: 3,321 Thread 0x000070338814d630 compacted oop handles in JVMCI runtime 0 from 253 to 214
Event: 3,321 Thread 0x000070338814d630 compacted oop handles in JVMCI runtime 0 from 217 to 100

Compilation events (20 events):
Event: 3,332 Thread 0x00007032d404ecc0 4683       2       java.nio.charset.CoderResult::isUnderflow (13 bytes)
Event: 3,332 Thread 0x00007032d404ecc0 nmethod 4683 0x000070336f8eda90 code [0x000070336f8edc20, 0x000070336f8edd30]
Event: 3,333 Thread 0x000070338814ece0 4684       2       jdk.internal.reflect.Reflection::verifyMemberAccess (200 bytes)
Event: 3,334 Thread 0x00007032d404ecc0 4687       2       java.lang.invoke.LambdaFormEditor::oldSpeciesData (8 bytes)
Event: 3,334 Thread 0x00007032d404ecc0 nmethod 4687 0x000070336f8edd90 code [0x000070336f8edf40, 0x000070336f8ee130]
Event: 3,334 Thread 0x000070338814ece0 nmethod 4684 0x000070336f8ee290 code [0x000070336f8ee540, 0x000070336f8eefb0]
Event: 3,334 Thread 0x000070338814ece0 4688       2       java.util.Locale::hashCode (41 bytes)
Event: 3,335 Thread 0x000070338814ece0 nmethod 4688 0x000070336f8ef490 code [0x000070336f8ef640, 0x000070336f8ef7d0]
Event: 3,335 Thread 0x00007032d404ecc0 4689       3       java.util.regex.Pattern::peek (26 bytes)
Event: 3,336 Thread 0x000070338814ece0 4690       2       java.util.regex.Pattern::sequence (647 bytes)
Event: 3,336 Thread 0x00007032d404ecc0 nmethod 4689 0x000070336f8ef890 code [0x000070336f8efa40, 0x000070336f8efca0]
Event: 3,336 Thread 0x00007032d404ecc0 4692       2       java.util.regex.Pattern::atom (422 bytes)
Event: 3,337 Thread 0x00007032d404ecc0 nmethod 4692 0x000070336f8efe10 code [0x000070336f8f00a0, 0x000070336f8f0978]
Event: 3,337 Thread 0x00007032d404ecc0 4693       3       java.lang.String::codePointAt (50 bytes)
Event: 3,338 Thread 0x000070338814ece0 nmethod 4690 0x000070336f8f0e10 code [0x000070336f8f1200, 0x000070336f8f25a0]
Event: 3,338 Thread 0x000070338814ece0 4691       2       java.util.regex.Pattern::qtype (39 bytes)
Event: 3,338 Thread 0x00007032d404ecc0 nmethod 4693 0x000070336f8f2d90 code [0x000070336f8f2f80, 0x000070336f8f33d8]
Event: 3,338 Thread 0x00007032d404ecc0 4694       2       java.util.logging.LogManager::getProperty (9 bytes)
Event: 3,338 Thread 0x000070338814ece0 nmethod 4691 0x000070336f8f3610 code [0x000070336f8f37e0, 0x000070336f8f39b8]
Event: 3,338 Thread 0x00007032d404ecc0 nmethod 4694 0x000070336f8f3a90 code [0x000070336f8f3c40, 0x000070336f8f3d70]

GC Heap History (10 events):
Event: 0,409 GC heap before
{Heap before GC invocations=0 (full 0):
 garbage-first heap   total 128000K, used 16296K [0x0000000085c00000, 0x0000000100000000)
  region size 1024K, 13 young (13312K), 0 survivors (0K)
 Metaspace       used 2705K, committed 2880K, reserved 1114112K
  class space    used 223K, committed 320K, reserved 1048576K
}
Event: 0,414 GC heap after
{Heap after GC invocations=1 (full 0):
 garbage-first heap   total 128000K, used 9419K [0x0000000085c00000, 0x0000000100000000)
  region size 1024K, 2 young (2048K), 2 survivors (2048K)
 Metaspace       used 2705K, committed 2880K, reserved 1114112K
  class space    used 223K, committed 320K, reserved 1048576K
}
Event: 0,692 GC heap before
{Heap before GC invocations=1 (full 0):
 garbage-first heap   total 128000K, used 17611K [0x0000000085c00000, 0x0000000100000000)
  region size 1024K, 11 young (11264K), 2 survivors (2048K)
 Metaspace       used 4839K, committed 5056K, reserved 1114112K
  class space    used 486K, committed 576K, reserved 1048576K
}
Event: 0,695 GC heap after
{Heap after GC invocations=2 (full 0):
 garbage-first heap   total 128000K, used 10121K [0x0000000085c00000, 0x0000000100000000)
  region size 1024K, 1 young (1024K), 1 survivors (1024K)
 Metaspace       used 4839K, committed 5056K, reserved 1114112K
  class space    used 486K, committed 576K, reserved 1048576K
}
Event: 1,345 GC heap before
{Heap before GC invocations=2 (full 0):
 garbage-first heap   total 128000K, used 37769K [0x0000000085c00000, 0x0000000100000000)
  region size 1024K, 29 young (29696K), 1 survivors (1024K)
 Metaspace       used 13163K, committed 13440K, reserved 1114112K
  class space    used 1483K, committed 1600K, reserved 1048576K
}
Event: 1,350 GC heap after
{Heap after GC invocations=3 (full 0):
 garbage-first heap   total 128000K, used 12572K [0x0000000085c00000, 0x0000000100000000)
  region size 1024K, 3 young (3072K), 3 survivors (3072K)
 Metaspace       used 13163K, committed 13440K, reserved 1114112K
  class space    used 1483K, committed 1600K, reserved 1048576K
}
Event: 2,080 GC heap before
{Heap before GC invocations=3 (full 0):
 garbage-first heap   total 128000K, used 55580K [0x0000000085c00000, 0x0000000100000000)
  region size 1024K, 47 young (48128K), 3 survivors (3072K)
 Metaspace       used 21226K, committed 21504K, reserved 1114112K
  class space    used 2433K, committed 2560K, reserved 1048576K
}
Event: 2,087 GC heap after
{Heap after GC invocations=4 (full 0):
 garbage-first heap   total 128000K, used 17147K [0x0000000085c00000, 0x0000000100000000)
  region size 1024K, 8 young (8192K), 8 survivors (8192K)
 Metaspace       used 21226K, committed 21504K, reserved 1114112K
  class space    used 2433K, committed 2560K, reserved 1048576K
}
Event: 2,757 GC heap before
{Heap before GC invocations=5 (full 0):
 garbage-first heap   total 65536K, used 47867K [0x0000000085c00000, 0x0000000100000000)
  region size 1024K, 38 young (38912K), 8 survivors (8192K)
 Metaspace       used 25675K, committed 26048K, reserved 1114112K
  class space    used 3018K, committed 3200K, reserved 1048576K
}
Event: 2,767 GC heap after
{Heap after GC invocations=6 (full 0):
 garbage-first heap   total 65536K, used 19229K [0x0000000085c00000, 0x0000000100000000)
  region size 1024K, 3 young (3072K), 3 survivors (3072K)
 Metaspace       used 25675K, committed 26048K, reserved 1114112K
  class space    used 3018K, committed 3200K, reserved 1048576K
}

Dll operation events (9 events):
Event: 0,002 Loaded shared library /home/dbt19/.sdkman/candidates/java/21.0.6-graal/lib/libjava.so
Event: 0,022 Loaded shared library /home/dbt19/.sdkman/candidates/java/21.0.6-graal/lib/libjsvml.so
Event: 0,077 Loaded shared library /home/dbt19/.sdkman/candidates/java/21.0.6-graal/lib/libnio.so
Event: 0,079 Loaded shared library /home/dbt19/.sdkman/candidates/java/21.0.6-graal/lib/libjvmcicompiler.so
Event: 0,081 Loaded shared library /home/dbt19/.sdkman/candidates/java/21.0.6-graal/lib/libzip.so
Event: 0,098 Loaded shared library /home/dbt19/.sdkman/candidates/java/21.0.6-graal/lib/libjimage.so
Event: 0,609 Loaded shared library /home/dbt19/.sdkman/candidates/java/21.0.6-graal/lib/libmanagement.so
Event: 0,614 Loaded shared library /home/dbt19/.sdkman/candidates/java/21.0.6-graal/lib/libmanagement_ext.so
Event: 1,529 Loaded shared library /home/dbt19/.sdkman/candidates/java/21.0.6-graal/lib/libnet.so

Deoptimization events (20 events):
Event: 3,022 Thread 0x0000702aac007e10 DEOPT PACKING pc=0x000070336f6f692c sp=0x00007033643f93c0
Event: 3,022 Thread 0x0000702aac007e10 DEOPT UNPACKING pc=0x0000703376546525 sp=0x00007033643f88a0 mode 0
Event: 3,022 Thread 0x0000702aac007e10 Uncommon trap: trap_request=0xffffffed fr.pc=0x0000703376c33fcf relative=0x000000000000070f
Event: 3,022 Thread 0x0000702aac007e10 Uncommon trap: reason=null_assert_or_unreached0 action=reinterpret pc=0x0000703376c33fcf method=org.springframework.util.ObjectUtils.nullSafeEquals(Ljava/lang/Object;Ljava/lang/Object;)Z @ 22 jvmci
Event: 3,022 Thread 0x0000702aac007e10 DEOPT PACKING pc=0x0000703376c33fcf sp=0x00007033643f9200
Event: 3,022 Thread 0x0000702aac007e10 DEOPT UNPACKING pc=0x0000703376546525 sp=0x00007033643f8548 mode 3
Event: 3,022 Thread 0x0000702aac007e10 Uncommon trap: trap_request=0xffffffed fr.pc=0x0000703376c2fe25 relative=0x0000000000000365
Event: 3,022 Thread 0x0000702aac007e10 Uncommon trap: reason=null_assert_or_unreached0 action=reinterpret pc=0x0000703376c2fe25 method=org.springframework.util.ObjectUtils.nullSafeEquals(Ljava/lang/Object;Ljava/lang/Object;)Z @ 22 jvmci
Event: 3,022 Thread 0x0000702aac007e10 DEOPT PACKING pc=0x0000703376c2fe25 sp=0x00007033643f8ea0
Event: 3,022 Thread 0x0000702aac007e10 DEOPT UNPACKING pc=0x0000703376546525 sp=0x00007033643f82c0 mode 3
Event: 3,095 Thread 0x0000702aac007e10 Uncommon trap: trap_request=0xffffffcd fr.pc=0x0000703376b9bbf3 relative=0x00000000000001d3
Event: 3,095 Thread 0x0000702aac007e10 Uncommon trap: reason=intrinsic_or_type_checked_inlining action=reinterpret pc=0x0000703376b9bbf3 method=java.util.regex.Pattern$BmpCharPropertyGreedy.match(Ljava/util/regex/Matcher;ILjava/lang/CharSequence;)Z @ 54 jvmci
Event: 3,095 Thread 0x0000702aac007e10 DEOPT PACKING pc=0x0000703376b9bbf3 sp=0x00007033643f9520
Event: 3,095 Thread 0x0000702aac007e10 DEOPT UNPACKING pc=0x0000703376546525 sp=0x00007033643f89b8 mode 3
Event: 3,096 Thread 0x0000702aac007e10 Uncommon trap: trap_request=0xffffffed fr.pc=0x0000703376b73611 relative=0x0000000000000711
Event: 3,096 Thread 0x0000702aac007e10 Uncommon trap: reason=null_assert_or_unreached0 action=reinterpret pc=0x0000703376b73611 method=java.util.concurrent.ConcurrentHashMap.get(Ljava/lang/Object;)Ljava/lang/Object; @ 76 jvmci
Event: 3,096 Thread 0x0000702aac007e10 DEOPT PACKING pc=0x0000703376b73611 sp=0x00007033643f89c0
Event: 3,096 Thread 0x0000702aac007e10 DEOPT UNPACKING pc=0x0000703376546525 sp=0x00007033643f7e48 mode 3
Event: 3,234 Thread 0x0000702aac007e10 DEOPT PACKING pc=0x000070336f773ac3 sp=0x00007033643fa930
Event: 3,234 Thread 0x0000702aac007e10 DEOPT UNPACKING pc=0x0000703376546525 sp=0x00007033643f9f10 mode 0

Classes loaded (20 events):
Event: 3,341 Loading class sun/security/provider/SecureRandom
Event: 3,341 Loading class sun/security/provider/SecureRandom done
Event: 3,341 Loading class java/security/MessageDigest
Event: 3,341 Loading class java/security/MessageDigestSpi
Event: 3,341 Loading class java/security/MessageDigestSpi done
Event: 3,341 Loading class java/security/MessageDigest done
Event: 3,341 Loading class sun/security/provider/SHA
Event: 3,341 Loading class sun/security/provider/DigestBase
Event: 3,342 Loading class sun/security/provider/DigestBase done
Event: 3,342 Loading class sun/security/provider/SHA done
Event: 3,342 Loading class java/security/MessageDigest$Delegate
Event: 3,342 Loading class sun/security/util/MessageDigestSpi2
Event: 3,342 Loading class sun/security/util/MessageDigestSpi2 done
Event: 3,342 Loading class java/security/MessageDigest$Delegate done
Event: 3,342 Loading class java/security/MessageDigest$Delegate$CloneableDelegate
Event: 3,342 Loading class java/security/MessageDigest$Delegate$CloneableDelegate done
Event: 3,342 Loading class sun/security/provider/ByteArrayAccess
Event: 3,342 Loading class sun/security/provider/ByteArrayAccess done
Event: 3,342 Loading class sun/security/provider/ByteArrayAccess$BE
Event: 3,342 Loading class sun/security/provider/ByteArrayAccess$BE done

Classes unloaded (0 events):
No events

Classes redefined (0 events):
No events

Internal exceptions (20 events):
Event: 3,112 Thread 0x0000702aac007e10 Exception <a 'java/lang/ArrayIndexOutOfBoundsException'{0x0000000088bb6c20}> (0x0000000088bb6c20) 
thrown [open/src/hotspot/share/runtime/sharedRuntime.cpp, line 625]
Event: 3,112 Thread 0x0000702aac007e10 Exception <a 'java/lang/ArrayIndexOutOfBoundsException'{0x0000000088bbdcd8}> (0x0000000088bbdcd8) 
thrown [open/src/hotspot/share/runtime/sharedRuntime.cpp, line 625]
Event: 3,112 Thread 0x0000702aac007e10 Exception <a 'java/lang/ArrayIndexOutOfBoundsException'{0x0000000088bbe560}> (0x0000000088bbe560) 
thrown [open/src/hotspot/share/runtime/sharedRuntime.cpp, line 625]
Event: 3,112 Thread 0x0000702aac007e10 Exception <a 'java/lang/ArrayIndexOutOfBoundsException'{0x0000000088bbede8}> (0x0000000088bbede8) 
thrown [open/src/hotspot/share/runtime/sharedRuntime.cpp, line 625]
Event: 3,113 Thread 0x0000702aac007e10 Exception <a 'java/lang/ArrayIndexOutOfBoundsException'{0x0000000088bbf670}> (0x0000000088bbf670) 
thrown [open/src/hotspot/share/runtime/sharedRuntime.cpp, line 625]
Event: 3,113 Thread 0x0000702aac007e10 Exception <a 'java/lang/ArrayIndexOutOfBoundsException'{0x0000000088bbfef8}> (0x0000000088bbfef8) 
thrown [open/src/hotspot/share/runtime/sharedRuntime.cpp, line 625]
Event: 3,113 Thread 0x0000702aac007e10 Exception <a 'java/lang/ArrayIndexOutOfBoundsException'{0x0000000088bc0780}> (0x0000000088bc0780) 
thrown [open/src/hotspot/share/runtime/sharedRuntime.cpp, line 625]
Event: 3,145 Thread 0x0000702aac007e10 Exception <a 'java/lang/NoSuchMethodError'{0x0000000088910eb0}: 'java.lang.Object java.lang.invoke.DirectMethodHandle$Holder.invokeSpecialIFC(java.lang.Object, java.lang.Object, java.lang.Object)'> (0x0000000088910eb0) 
thrown [open/src/hotspot/share/interpreter/linkResolver.cpp, line 772]
Event: 3,154 Thread 0x0000702aac007e10 Exception <a 'java/lang/NoSuchMethodError'{0x0000000088957d00}: 'java.lang.Object java.lang.invoke.DirectMethodHandle$Holder.invokeVirtual(java.lang.Object, java.lang.Object, java.lang.Object, java.lang.Object, java.lang.Object)'> (0x0000000088957d00) 
thrown [open/src/hotspot/share/interpreter/linkResolver.cpp, line 772]
Event: 3,216 Thread 0x0000702aac007e10 Exception <a 'java/lang/NoSuchMethodError'{0x00000000886e2538}: 'java.lang.Object java.lang.invoke.DirectMethodHandle$Holder.invokeVirtual(java.lang.Object, java.lang.Object, java.lang.Object, java.lang.Object, java.lang.Object, java.lang.Object)'> (0x00000000886e2538) 
thrown [open/src/hotspot/share/interpreter/linkResolver.cpp, line 772]
Event: 3,249 Thread 0x0000702aac007e10 Exception <a 'java/lang/NoSuchMethodError'{0x000000008840c750}: 'void java.lang.invoke.DirectMethodHandle$Holder.invokeInterface(java.lang.Object, java.lang.Object, int)'> (0x000000008840c750) 
thrown [open/src/hotspot/share/interpreter/linkResolver.cpp, line 772]
Event: 3,254 Thread 0x0000702aac007e10 Exception <a 'java/lang/IncompatibleClassChangeError'{0x000000008844e9e8}: Found class java.lang.Object, but interface was expected> (0x000000008844e9e8) 
thrown [open/src/hotspot/share/interpreter/linkResolver.cpp, line 840]
Event: 3,255 Thread 0x0000702aac007e10 Exception <a 'java/lang/NoSuchMethodError'{0x000000008845caa0}: 'int java.lang.invoke.DirectMethodHandle$Holder.invokeSpecialIFC(java.lang.Object, java.lang.Object, java.lang.Object)'> (0x000000008845caa0) 
thrown [open/src/hotspot/share/interpreter/linkResolver.cpp, line 772]
Event: 3,256 Thread 0x0000702aac007e10 Exception <a 'java/lang/NoSuchMethodError'{0x0000000088471908}: 'void java.lang.invoke.DirectMethodHandle$Holder.invokeStatic(java.lang.Object, int, java.lang.Object)'> (0x0000000088471908) 
thrown [open/src/hotspot/share/interpreter/linkResolver.cpp, line 772]
Event: 3,268 Thread 0x0000702aac007e10 Exception <a 'java/lang/NoSuchMethodError'{0x00000000884fba18}: 'void java.lang.invoke.DirectMethodHandle$Holder.invokeStatic(java.lang.Object, java.lang.Object, java.lang.Object, int, java.lang.Object)'> (0x00000000884fba18) 
thrown [open/src/hotspot/share/interpreter/linkResolver.cpp, line 772]
Event: 3,269 Thread 0x0000702aac007e10 Exception <a 'java/lang/NoSuchMethodError'{0x0000000088302800}: 'java.lang.Object java.lang.invoke.DirectMethodHandle$Holder.newInvokeSpecial(java.lang.Object, java.lang.Object, java.lang.Object, int)'> (0x0000000088302800) 
thrown [open/src/hotspot/share/interpreter/linkResolver.cpp, line 772]
Event: 3,269 Thread 0x0000702aac007e10 Exception <a 'java/lang/NoSuchMethodError'{0x0000000088306690}: 'java.lang.Object java.lang.invoke.DirectMethodHandle$Holder.invokeSpecial(java.lang.Object, java.lang.Object, java.lang.Object, java.lang.Object, int)'> (0x0000000088306690) 
thrown [open/src/hotspot/share/interpreter/linkResolver.cpp, line 772]
Event: 3,269 Thread 0x0000702aac007e10 Exception <a 'java/lang/NoSuchMethodError'{0x0000000088309b28}: 'java.lang.Object java.lang.invoke.Invokers$Holder.linkToTargetMethod(java.lang.Object, java.lang.Object, int, java.lang.Object)'> (0x0000000088309b28) 
thrown [open/src/hotspot/share/interpreter/linkResolver.cpp, line 772]
Event: 3,333 Thread 0x0000702aac007e10 Exception <a 'java/lang/NoSuchMethodError'{0x00000000880f4be0}: 'int java.lang.invoke.DirectMethodHandle$Holder.invokeStatic(java.lang.Object)'> (0x00000000880f4be0) 
thrown [open/src/hotspot/share/interpreter/linkResolver.cpp, line 772]
Event: 3,333 Thread 0x0000702aac007e10 Exception <a 'java/lang/NoSuchMethodError'{0x00000000880f8360}: 'int java.lang.invoke.DelegatingMethodHandle$Holder.reinvoke_L(java.lang.Object)'> (0x00000000880f8360) 
thrown [open/src/hotspot/share/interpreter/linkResolver.cpp, line 772]

ZGC Phase Switch (0 events):
No events

VM Operations (20 events):
Event: 2,469 Executing VM operation: HandshakeAllThreads (Deoptimize)
Event: 2,469 Executing VM operation: HandshakeAllThreads (Deoptimize) done
Event: 2,596 Executing VM operation: ICBufferFull
Event: 2,596 Executing VM operation: ICBufferFull done
Event: 2,757 Executing VM operation: G1CollectForAllocation (G1 Evacuation Pause)
Event: 2,767 Executing VM operation: G1CollectForAllocation (G1 Evacuation Pause) done
Event: 2,777 Executing VM operation: HandshakeAllThreads (Deoptimize)
Event: 2,777 Executing VM operation: HandshakeAllThreads (Deoptimize) done
Event: 2,780 Executing VM operation: HandshakeAllThreads (Deoptimize)
Event: 2,780 Executing VM operation: HandshakeAllThreads (Deoptimize) done
Event: 2,970 Executing VM operation: HandshakeAllThreads (Deoptimize)
Event: 2,970 Executing VM operation: HandshakeAllThreads (Deoptimize) done
Event: 3,020 Executing VM operation: HandshakeAllThreads (Deoptimize)
Event: 3,020 Executing VM operation: HandshakeAllThreads (Deoptimize) done
Event: 3,021 Executing VM operation: HandshakeAllThreads (Deoptimize)
Event: 3,021 Executing VM operation: HandshakeAllThreads (Deoptimize) done
Event: 3,078 Executing VM operation: HandshakeAllThreads (Deoptimize)
Event: 3,078 Executing VM operation: HandshakeAllThreads (Deoptimize) done
Event: 3,113 Executing VM operation: ICBufferFull
Event: 3,113 Executing VM operation: ICBufferFull done

Events (20 events):
Event: 0,021 Thread 0x000070338814d630 Thread added: 0x000070338814d630
Event: 0,021 Protecting memory [0x0000703364e00000,0x0000703364e04000] with protection modes 0
Event: 0,021 Thread 0x000070338814ece0 Thread added: 0x000070338814ece0
Event: 0,021 Protecting memory [0x0000703364c00000,0x0000703364c04000] with protection modes 0
Event: 0,047 Thread 0x00007033881caec0 Thread added: 0x00007033881caec0
Event: 0,047 Protecting memory [0x0000703364a30000,0x0000703364a34000] with protection modes 0
Event: 0,056 Thread 0x00007032d404ecc0 Thread added: 0x00007032d404ecc0
Event: 0,056 Protecting memory [0x0000703364800000,0x0000703364804000] with protection modes 0
Event: 0,075 Thread 0x000070338822fce0 Thread added: 0x000070338822fce0
Event: 0,075 Protecting memory [0x0000703364700000,0x0000703364704000] with protection modes 0
Event: 0,671 Thread 0x0000703388534250 Thread added: 0x0000703388534250
Event: 0,671 Protecting memory [0x00007033643fe000,0x0000703364402000] with protection modes 0
Event: 0,680 Thread 0x0000702aac007e10 Thread added: 0x0000702aac007e10
Event: 0,680 Protecting memory [0x00007033642fe000,0x0000703364302000] with protection modes 0
Event: 1,185 Thread 0x0000702aa417c1e0 Thread added: 0x0000702aa417c1e0
Event: 1,185 Protecting memory [0x00007033640fd000,0x0000703364101000] with protection modes 0
Event: 1,671 Thread 0x0000702aa417c1e0 Thread exited: 0x0000702aa417c1e0
Event: 1,741 Thread 0x0000702aa433ba70 Thread added: 0x0000702aa433ba70
Event: 1,741 Protecting memory [0x00007033640fd000,0x0000703364101000] with protection modes 0
Event: 1,804 Thread 0x0000702aa433ba70 Thread exited: 0x0000702aa433ba70


Dynamic libraries:
85c00000-89200000 rw-p 00000000 00:00 0 
89200000-8a100000 ---p 00000000 00:00 0 
8a100000-8a900000 rw-p 00000000 00:00 0 
8a900000-8d700000 ---p 00000000 00:00 0 
8d700000-8d800000 rw-p 00000000 00:00 0 
8d800000-fff00000 ---p 00000000 00:00 0 
fff00000-fffeb000 rw-p 00cd8000 08:02 7263106                            /home/dbt19/.sdkman/candidates/java/21.0.6-graal/lib/server/classes.jsa
fffeb000-100000000 rw-p 00000000 00:00 0 
5b0602b36000-5b0602b37000 r-xp 00000000 08:02 7263361                    /home/dbt19/.sdkman/candidates/java/21.0.6-graal/bin/java
5b0602b38000-5b0602b39000 r--p 00001000 08:02 7263361                    /home/dbt19/.sdkman/candidates/java/21.0.6-graal/bin/java
5b0602b39000-5b0602b3a000 rw-p 00002000 08:02 7263361                    /home/dbt19/.sdkman/candidates/java/21.0.6-graal/bin/java
5b062c280000-5b062c2c9000 rw-p 00000000 00:00 0                          [heap]
702a98000000-702a982a0000 rw-p 00000000 00:00 0 
702a982a0000-702a9c000000 ---p 00000000 00:00 0 
702aa0000000-702aa0021000 rw-p 00000000 00:00 0 
702aa0021000-702aa4000000 ---p 00000000 00:00 0 
702aa4000000-702aa488a000 rw-p 00000000 00:00 0 
702aa488a000-702aa8000000 ---p 00000000 00:00 0 
702aac000000-702aac021000 rw-p 00000000 00:00 0 
702aac021000-702ab0000000 ---p 00000000 00:00 0 
702ab0000000-702ab0021000 rw-p 00000000 00:00 0 
702ab0021000-702ab4000000 ---p 00000000 00:00 0 
702ab8000000-702ab8021000 rw-p 00000000 00:00 0 
702ab8021000-702abc000000 ---p 00000000 00:00 0 
702abfe00000-702abfe80000 ---p 00000000 00:00 0 
702abfe80000-702ac060e000 r--p 01ca9000 08:02 7263210                    /home/dbt19/.sdkman/candidates/java/21.0.6-graal/lib/libjvmcicompiler.so
702ac060e000-702ac0780000 r--p 00000000 00:00 0 
702ac0780000-702ac079f000 rw-p 00000000 00:00 0 
702ac079f000-702ac0a82000 rw-p 025c8000 08:02 7263210                    /home/dbt19/.sdkman/candidates/java/21.0.6-graal/lib/libjvmcicompiler.so
702ac0a82000-702ac1308000 r--p 028ab000 08:02 7263210                    /home/dbt19/.sdkman/candidates/java/21.0.6-graal/lib/libjvmcicompiler.so
702ac1308000-702ac1380000 ---p 00000000 00:00 0 
702ac1380000-702ac3280000 rw-p 00000000 00:00 0 
702ac3280000-7032bfe00000 ---p 00000000 00:00 0 
7032c0000000-7032c0021000 rw-p 00000000 00:00 0 
7032c0021000-7032c4000000 ---p 00000000 00:00 0 
7032c8000000-7032c83d3000 rw-p 00000000 00:00 0 
7032c83d3000-7032cc000000 ---p 00000000 00:00 0 
7032cc000000-7032cc021000 rw-p 00000000 00:00 0 
7032cc021000-7032d0000000 ---p 00000000 00:00 0 
7032d4000000-7032d4285000 rw-p 00000000 00:00 0 
7032d4285000-7032d8000000 ---p 00000000 00:00 0 
7032d8000000-7032d84d5000 rw-p 00000000 00:00 0 
7032d84d5000-7032dc000000 ---p 00000000 00:00 0 
7032e0000000-7032e0021000 rw-p 00000000 00:00 0 
7032e0021000-7032e4000000 ---p 00000000 00:00 0 
7032e4000000-7032e4021000 rw-p 00000000 00:00 0 
7032e4021000-7032e8000000 ---p 00000000 00:00 0 
7032ec000000-7032ec021000 rw-p 00000000 00:00 0 
7032ec021000-7032f0000000 ---p 00000000 00:00 0 
7032f0000000-7032f0021000 rw-p 00000000 00:00 0 
7032f0021000-7032f4000000 ---p 00000000 00:00 0 
7032f8000000-7032f8021000 rw-p 00000000 00:00 0 
7032f8021000-7032fc000000 ---p 00000000 00:00 0 
7032fc000000-7032fc021000 rw-p 00000000 00:00 0 
7032fc021000-703300000000 ---p 00000000 00:00 0 
703304000000-7033043f0000 rw-p 00000000 00:00 0 
7033043f0000-7033048f0000 rw-p 00000000 00:00 0 
7033048f0000-7033049f0000 rw-p 00000000 00:00 0 
7033049f0000-703304ef0000 rw-p 00000000 00:00 0 
703304ef0000-703304ff0000 rw-p 00000000 00:00 0 
703304ff0000-703305570000 rw-p 00000000 00:00 0 
703305570000-7033055f0000 rw-p 00000000 00:00 0 
7033055f0000-7033059f0000 rw-p 00000000 00:00 0 
7033059f0000-703305bb0000 rw-p 00000000 00:00 0 
703305bb0000-703305bd0000 rw-p 00000000 00:00 0 
703305bd0000-703305c00000 ---p 00000000 00:00 0 
703305c00000-703305c10000 rw-p 00000000 00:00 0 
703305c10000-703308000000 ---p 00000000 00:00 0 
703308000000-703308021000 rw-p 00000000 00:00 0 
703308021000-70330c000000 ---p 00000000 00:00 0 
70330f000000-70330fc9a000 rw-p 00001000 08:02 7263106                    /home/dbt19/.sdkman/candidates/java/21.0.6-graal/lib/server/classes.jsa
70330fc9a000-703310000000 ---p 00000000 00:00 0 
703310000000-703310030000 rw-p 00000000 00:00 0 
703310030000-703310070000 rw-p 00000000 00:00 0 
703310070000-7033100d0000 rw-p 00000000 00:00 0 
7033100d0000-7033100f0000 rw-p 00000000 00:00 0 
7033100f0000-703310230000 rw-p 00000000 00:00 0 
703310230000-703310270000 rw-p 00000000 00:00 0 
703310270000-703310280000 ---p 00000000 00:00 0 
703310280000-703310400000 rw-p 00000000 00:00 0 
703310400000-703350000000 ---p 00000000 00:00 0 
703350000000-703350021000 rw-p 00000000 00:00 0 
703350021000-703354000000 ---p 00000000 00:00 0 
703354000000-703354021000 rw-p 00000000 00:00 0 
703354021000-703358000000 ---p 00000000 00:00 0 
703358400000-7033586bb000 rw-p 00000000 00:00 0 
70335888c000-703358de4000 rw-p 00000000 00:00 0 
703358e00000-703358feb000 r--p 00000000 08:02 7263210                    /home/dbt19/.sdkman/candidates/java/21.0.6-graal/lib/libjvmcicompiler.so
703358feb000-70335aaa0000 r-xp 001eb000 08:02 7263210                    /home/dbt19/.sdkman/candidates/java/21.0.6-graal/lib/libjvmcicompiler.so
70335aaa0000-70335bf35000 r--p 01ca0000 08:02 7263210                    /home/dbt19/.sdkman/candidates/java/21.0.6-graal/lib/libjvmcicompiler.so
70335bf35000-70335bf36000 r--p 03134000 08:02 7263210                    /home/dbt19/.sdkman/candidates/java/21.0.6-graal/lib/libjvmcicompiler.so
70335bf36000-70335bf38000 rw-p 03135000 08:02 7263210                    /home/dbt19/.sdkman/candidates/java/21.0.6-graal/lib/libjvmcicompiler.so
70335c000000-70335c021000 rw-p 00000000 00:00 0 
70335c021000-703360000000 ---p 00000000 00:00 0 
703360000000-703360021000 rw-p 00000000 00:00 0 
703360021000-703364000000 ---p 00000000 00:00 0 
7033640fd000-703364101000 ---p 00000000 00:00 0 
703364101000-7033641fd000 rw-p 00000000 00:00 0 
7033641fd000-7033641fe000 ---p 00000000 00:00 0 
7033641fe000-7033642fe000 rw-p 00000000 00:00 0 
7033642fe000-703364302000 ---p 00000000 00:00 0 
703364302000-7033643fe000 rw-p 00000000 00:00 0 
7033643fe000-703364402000 ---p 00000000 00:00 0 
703364402000-7033644fe000 rw-p 00000000 00:00 0 
7033644fe000-7033644ff000 ---p 00000000 00:00 0 
7033644ff000-7033645ff000 rw-p 00000000 00:00 0 
7033645ff000-703364600000 ---p 00000000 00:00 0 
703364600000-703364700000 rw-p 00000000 00:00 0 
703364700000-703364704000 ---p 00000000 00:00 0 
703364704000-703364800000 rw-p 00000000 00:00 0 
703364800000-703364804000 ---p 00000000 00:00 0 
703364804000-703364a00000 rw-p 00000000 00:00 0 
703364a30000-703364a34000 ---p 00000000 00:00 0 
703364a34000-703364b30000 rw-p 00000000 00:00 0 
703364b30000-703364bfe000 r-xp 00000000 08:02 7263214                    /home/dbt19/.sdkman/candidates/java/21.0.6-graal/lib/libjsvml.so
703364bfe000-703364bff000 r--p 000cd000 08:02 7263214                    /home/dbt19/.sdkman/candidates/java/21.0.6-graal/lib/libjsvml.so
703364bff000-703364c00000 rw-p 000ce000 08:02 7263214                    /home/dbt19/.sdkman/candidates/java/21.0.6-graal/lib/libjsvml.so
703364c00000-703364c04000 ---p 00000000 00:00 0 
703364c04000-703364e00000 rw-p 00000000 00:00 0 
703364e00000-703364e04000 ---p 00000000 00:00 0 
703364e04000-703365000000 rw-p 00000000 00:00 0 
703365000000-703365004000 ---p 00000000 00:00 0 
703365004000-703365100000 rw-p 00000000 00:00 0 
703365100000-703365104000 ---p 00000000 00:00 0 
703365104000-703365200000 rw-p 00000000 00:00 0 
703365200000-703365204000 ---p 00000000 00:00 0 
703365204000-703365300000 rw-p 00000000 00:00 0 
703365300000-703365304000 ---p 00000000 00:00 0 
703365304000-703365400000 rw-p 00000000 00:00 0 
703365400000-703365c42000 r--p 00000000 08:02 6554083                    /usr/lib/locale/locale-archive
703365c49000-703365cfe000 rw-p 00000000 00:00 0 
703365cfe000-703365d02000 ---p 00000000 00:00 0 
703365d02000-703365dfe000 rw-p 00000000 00:00 0 
703365dfe000-703365dff000 ---p 00000000 00:00 0 
703365dff000-703365eff000 rw-p 00000000 00:00 0 
703365eff000-703365f00000 ---p 00000000 00:00 0 
703365f00000-703366000000 rw-p 00000000 00:00 0 
703366000000-703368000000 rw-p 00000000 00:00 0 
703368000000-703368021000 rw-p 00000000 00:00 0 
703368021000-70336c000000 ---p 00000000 00:00 0 
70336c078000-70336c0f9000 rw-p 00000000 00:00 0 
70336c0f9000-70336c0fa000 ---p 00000000 00:00 0 
70336c0fa000-70336c1fa000 rw-p 00000000 00:00 0 
70336c1fa000-70336c1fb000 ---p 00000000 00:00 0 
70336c1fb000-70336c2fb000 rw-p 00000000 00:00 0 
70336c2fb000-70336c6ff000 rw-p 00000000 00:00 0 
70336c6ff000-70336c700000 ---p 00000000 00:00 0 
70336c700000-70336c800000 rw-p 00000000 00:00 0 
70336c800000-70336c8d8000 rw-p 00000000 00:00 0 
70336c8d8000-70336c914000 ---p 00000000 00:00 0 
70336c914000-70336c934000 rw-p 00000000 00:00 0 
70336c934000-70336c9ec000 ---p 00000000 00:00 0 
70336c9ec000-70336c9f0000 rw-p 00000000 00:00 0 
70336c9f0000-70336e68c000 ---p 00000000 00:00 0 
70336e68c000-70336e690000 rw-p 00000000 00:00 0 
70336e6ff000-70336e700000 ---p 00000000 00:00 0 
70336e700000-70336e800000 rw-p 00000000 00:00 0 
70336e800000-70336e81b000 rw-p 00000000 00:00 0 
70336e81b000-70336e822000 ---p 00000000 00:00 0 
70336e822000-70336e827000 rw-p 00000000 00:00 0 
70336e827000-70336e83d000 ---p 00000000 00:00 0 
70336e83d000-70336e83e000 rw-p 00000000 00:00 0 
70336e83e000-70336ebd1000 ---p 00000000 00:00 0 
70336ebd1000-70336ebd2000 rw-p 00000000 00:00 0 
70336ec00000-70336ec1b000 rw-p 00000000 00:00 0 
70336ec1b000-70336ec22000 ---p 00000000 00:00 0 
70336ec22000-70336ec27000 rw-p 00000000 00:00 0 
70336ec27000-70336ec3d000 ---p 00000000 00:00 0 
70336ec3d000-70336ec3e000 rw-p 00000000 00:00 0 
70336ec3e000-70336efd1000 ---p 00000000 00:00 0 
70336efd1000-70336efd2000 rw-p 00000000 00:00 0 
70336f000000-70336f900000 rwxp 00000000 00:00 0 
70336f900000-7033764f2000 ---p 00000000 00:00 0 
7033764f2000-703376762000 rwxp 00000000 00:00 0 
703376762000-703376b0e000 ---p 00000000 00:00 0 
703376b0e000-703376d7e000 rwxp 00000000 00:00 0 
703376d7e000-70337e000000 ---p 00000000 00:00 0 
70337e000000-703387e0b000 r--s 00000000 08:02 7263226                    /home/dbt19/.sdkman/candidates/java/21.0.6-graal/lib/modules
703387e22000-703387ebe000 rw-p 00000000 00:00 0 
703387ebe000-703387ebf000 ---p 00000000 00:00 0 
703387ebf000-703387fbf000 rw-p 00000000 00:00 0 
703387fbf000-703388000000 rw-p 00000000 00:00 0 
703388000000-70338853e000 rw-p 00000000 00:00 0 
70338853e000-70338c000000 ---p 00000000 00:00 0 
70338c00b000-70338c012000 r--s 00000000 08:02 6568049                    /usr/lib/x86_64-linux-gnu/gconv/gconv-modules.cache
70338c012000-70338c017000 r-xp 00000000 08:02 7263334                    /home/dbt19/.sdkman/candidates/java/21.0.6-graal/lib/libmanagement_ext.so
70338c017000-70338c018000 ---p 00005000 08:02 7263334                    /home/dbt19/.sdkman/candidates/java/21.0.6-graal/lib/libmanagement_ext.so
70338c018000-70338c019000 r--p 00005000 08:02 7263334                    /home/dbt19/.sdkman/candidates/java/21.0.6-graal/lib/libmanagement_ext.so
70338c019000-70338c01a000 rw-p 00006000 08:02 7263334                    /home/dbt19/.sdkman/candidates/java/21.0.6-graal/lib/libmanagement_ext.so
70338c01a000-70338c026000 r-xp 00000000 08:02 7263332                    /home/dbt19/.sdkman/candidates/java/21.0.6-graal/lib/libnet.so
70338c026000-70338c027000 r--p 0000b000 08:02 7263332                    /home/dbt19/.sdkman/candidates/java/21.0.6-graal/lib/libnet.so
70338c027000-70338c028000 rw-p 0000c000 08:02 7263332                    /home/dbt19/.sdkman/candidates/java/21.0.6-graal/lib/libnet.so
70338c028000-70338c431000 rw-p 00000000 00:00 0 
70338c431000-70338c516000 ---p 00000000 00:00 0 
70338c516000-70338c528000 rw-p 00000000 00:00 0 
70338c528000-70338c600000 ---p 00000000 00:00 0 
70338c600000-70338d92a000 r-xp 00000000 08:02 7263108                    /home/dbt19/.sdkman/candidates/java/21.0.6-graal/lib/server/libjvm.so
70338d92a000-70338d92b000 ---p 0132a000 08:02 7263108                    /home/dbt19/.sdkman/candidates/java/21.0.6-graal/lib/server/libjvm.so
70338d92b000-70338d9fc000 r--p 0132a000 08:02 7263108                    /home/dbt19/.sdkman/candidates/java/21.0.6-graal/lib/server/libjvm.so
70338d9fc000-70338da2a000 rw-p 013fb000 08:02 7263108                    /home/dbt19/.sdkman/candidates/java/21.0.6-graal/lib/server/libjvm.so
70338da2a000-70338da90000 rw-p 00000000 00:00 0 
70338da90000-70338da97000 r-xp 00000000 08:02 7263234                    /home/dbt19/.sdkman/candidates/java/21.0.6-graal/lib/libzip.so
70338da97000-70338da98000 ---p 00007000 08:02 7263234                    /home/dbt19/.sdkman/candidates/java/21.0.6-graal/lib/libzip.so
70338da98000-70338da99000 r--p 00007000 08:02 7263234                    /home/dbt19/.sdkman/candidates/java/21.0.6-graal/lib/libzip.so
70338da99000-70338da9a000 rw-p 00008000 08:02 7263234                    /home/dbt19/.sdkman/candidates/java/21.0.6-graal/lib/libzip.so
70338da9a000-70338daad000 r-xp 00000000 08:02 7263230                    /home/dbt19/.sdkman/candidates/java/21.0.6-graal/lib/libnio.so
70338daad000-70338daae000 ---p 00013000 08:02 7263230                    /home/dbt19/.sdkman/candidates/java/21.0.6-graal/lib/libnio.so
70338daae000-70338daaf000 r--p 00013000 08:02 7263230                    /home/dbt19/.sdkman/candidates/java/21.0.6-graal/lib/libnio.so
70338daaf000-70338dab0000 rw-p 00014000 08:02 7263230                    /home/dbt19/.sdkman/candidates/java/21.0.6-graal/lib/libnio.so
70338dab0000-70338dab5000 rw-p 00000000 00:00 0 
70338dab5000-70338dabd000 ---p 00000000 00:00 0 
70338dabd000-70338dadd000 r-xp 00000000 08:02 7263109                    /home/dbt19/.sdkman/candidates/java/21.0.6-graal/lib/libjava.so
70338dadd000-70338dade000 ---p 00020000 08:02 7263109                    /home/dbt19/.sdkman/candidates/java/21.0.6-graal/lib/libjava.so
70338dade000-70338dadf000 r--p 00020000 08:02 7263109                    /home/dbt19/.sdkman/candidates/java/21.0.6-graal/lib/libjava.so
70338dadf000-70338dae0000 rw-p 00021000 08:02 7263109                    /home/dbt19/.sdkman/candidates/java/21.0.6-graal/lib/libjava.so
70338dae0000-70338dae1000 rw-p 00000000 00:00 0 
70338dae1000-70338dafc000 r-xp 00000000 08:02 7263194                    /home/dbt19/.sdkman/candidates/java/21.0.6-graal/lib/libjimage.so
70338dafc000-70338dafd000 ---p 0001b000 08:02 7263194                    /home/dbt19/.sdkman/candidates/java/21.0.6-graal/lib/libjimage.so
70338dafd000-70338daff000 r--p 0001b000 08:02 7263194                    /home/dbt19/.sdkman/candidates/java/21.0.6-graal/lib/libjimage.so
70338daff000-70338db00000 rw-p 0001d000 08:02 7263194                    /home/dbt19/.sdkman/candidates/java/21.0.6-graal/lib/libjimage.so
70338db00000-70338db04000 ---p 00000000 00:00 0 
70338db04000-70338dc00000 rw-p 00000000 00:00 0 
70338dc00000-70338dc28000 r--p 00000000 08:02 6564260                    /usr/lib/x86_64-linux-gnu/libc.so.6
70338dc28000-70338ddbd000 r-xp 00028000 08:02 6564260                    /usr/lib/x86_64-linux-gnu/libc.so.6
70338ddbd000-70338de15000 r--p 001bd000 08:02 6564260                    /usr/lib/x86_64-linux-gnu/libc.so.6
70338de15000-70338de16000 ---p 00215000 08:02 6564260                    /usr/lib/x86_64-linux-gnu/libc.so.6
70338de16000-70338de1a000 r--p 00215000 08:02 6564260                    /usr/lib/x86_64-linux-gnu/libc.so.6
70338de1a000-70338de1c000 rw-p 00219000 08:02 6564260                    /usr/lib/x86_64-linux-gnu/libc.so.6
70338de1c000-70338de29000 rw-p 00000000 00:00 0 
70338de2a000-70338de38000 r--p 00000000 08:02 6564264                    /usr/lib/x86_64-linux-gnu/libm.so.6
70338de38000-70338deb4000 r-xp 0000e000 08:02 6564264                    /usr/lib/x86_64-linux-gnu/libm.so.6
70338deb4000-70338df0f000 r--p 0008a000 08:02 6564264                    /usr/lib/x86_64-linux-gnu/libm.so.6
70338df0f000-70338df10000 r--p 000e4000 08:02 6564264                    /usr/lib/x86_64-linux-gnu/libm.so.6
70338df10000-70338df11000 rw-p 000e5000 08:02 6564264                    /usr/lib/x86_64-linux-gnu/libm.so.6
70338df11000-70338df12000 r--p 00000000 08:02 6564275                    /usr/lib/x86_64-linux-gnu/librt.so.1
70338df12000-70338df13000 r-xp 00001000 08:02 6564275                    /usr/lib/x86_64-linux-gnu/librt.so.1
70338df13000-70338df14000 r--p 00002000 08:02 6564275                    /usr/lib/x86_64-linux-gnu/librt.so.1
70338df14000-70338df15000 r--p 00002000 08:02 6564275                    /usr/lib/x86_64-linux-gnu/librt.so.1
70338df15000-70338df16000 rw-p 00003000 08:02 6564275                    /usr/lib/x86_64-linux-gnu/librt.so.1
70338df16000-70338df1a000 rw-p 00000000 00:00 0 
70338df1a000-70338df1b000 r--p 00000000 08:02 6564262                    /usr/lib/x86_64-linux-gnu/libdl.so.2
70338df1b000-70338df1c000 r-xp 00001000 08:02 6564262                    /usr/lib/x86_64-linux-gnu/libdl.so.2
70338df1c000-70338df1d000 r--p 00002000 08:02 6564262                    /usr/lib/x86_64-linux-gnu/libdl.so.2
70338df1d000-70338df1e000 r--p 00002000 08:02 6564262                    /usr/lib/x86_64-linux-gnu/libdl.so.2
70338df1e000-70338df1f000 rw-p 00003000 08:02 6564262                    /usr/lib/x86_64-linux-gnu/libdl.so.2
70338df1f000-70338df20000 r--p 00000000 08:02 6564273                    /usr/lib/x86_64-linux-gnu/libpthread.so.0
70338df20000-70338df21000 r-xp 00001000 08:02 6564273                    /usr/lib/x86_64-linux-gnu/libpthread.so.0
70338df21000-70338df22000 r--p 00002000 08:02 6564273                    /usr/lib/x86_64-linux-gnu/libpthread.so.0
70338df22000-70338df23000 r--p 00002000 08:02 6564273                    /usr/lib/x86_64-linux-gnu/libpthread.so.0
70338df23000-70338df24000 rw-p 00003000 08:02 6564273                    /usr/lib/x86_64-linux-gnu/libpthread.so.0
70338df24000-70338df32000 r-xp 00000000 08:02 7263233                    /home/dbt19/.sdkman/candidates/java/21.0.6-graal/lib/libjli.so
70338df32000-70338df33000 ---p 0000e000 08:02 7263233                    /home/dbt19/.sdkman/candidates/java/21.0.6-graal/lib/libjli.so
70338df33000-70338df34000 r--p 0000e000 08:02 7263233                    /home/dbt19/.sdkman/candidates/java/21.0.6-graal/lib/libjli.so
70338df34000-70338df35000 rw-p 0000f000 08:02 7263233                    /home/dbt19/.sdkman/candidates/java/21.0.6-graal/lib/libjli.so
70338df35000-70338df37000 r--p 00000000 08:02 6582605                    /usr/lib/x86_64-linux-gnu/libz.so.1.2.11
70338df37000-70338df48000 r-xp 00002000 08:02 6582605                    /usr/lib/x86_64-linux-gnu/libz.so.1.2.11
70338df48000-70338df4e000 r--p 00013000 08:02 6582605                    /usr/lib/x86_64-linux-gnu/libz.so.1.2.11
70338df4e000-70338df4f000 ---p 00019000 08:02 6582605                    /usr/lib/x86_64-linux-gnu/libz.so.1.2.11
70338df4f000-70338df50000 r--p 00019000 08:02 6582605                    /usr/lib/x86_64-linux-gnu/libz.so.1.2.11
70338df50000-70338df51000 rw-p 0001a000 08:02 6582605                    /usr/lib/x86_64-linux-gnu/libz.so.1.2.11
70338df53000-70338df57000 r-xp 00000000 08:02 7263096                    /home/dbt19/.sdkman/candidates/java/21.0.6-graal/lib/libmanagement.so
70338df57000-70338df58000 r--p 00003000 08:02 7263096                    /home/dbt19/.sdkman/candidates/java/21.0.6-graal/lib/libmanagement.so
70338df58000-70338df59000 rw-p 00004000 08:02 7263096                    /home/dbt19/.sdkman/candidates/java/21.0.6-graal/lib/libmanagement.so
70338df59000-70338df61000 rw-s 00000000 08:02 395326                     /tmp/hsperfdata_dbt19/16054
70338df61000-70338df62000 ---p 00000000 00:00 0 
70338df62000-70338df63000 r--p 00000000 00:00 0 
70338df63000-70338df65000 rw-p 00000000 00:00 0 
70338df65000-70338df67000 r--p 00000000 08:02 6555704                    /usr/lib/x86_64-linux-gnu/ld-linux-x86-64.so.2
70338df67000-70338df91000 r-xp 00002000 08:02 6555704                    /usr/lib/x86_64-linux-gnu/ld-linux-x86-64.so.2
70338df91000-70338df9c000 r--p 0002c000 08:02 6555704                    /usr/lib/x86_64-linux-gnu/ld-linux-x86-64.so.2
70338df9c000-70338df9d000 ---p 00000000 00:00 0 
70338df9d000-70338df9f000 r--p 00037000 08:02 6555704                    /usr/lib/x86_64-linux-gnu/ld-linux-x86-64.so.2
70338df9f000-70338dfa1000 rw-p 00039000 08:02 6555704                    /usr/lib/x86_64-linux-gnu/ld-linux-x86-64.so.2
7ffebc564000-7ffebc589000 rw-p 00000000 00:00 0                          [stack]
7ffebc59a000-7ffebc59e000 r--p 00000000 00:00 0                          [vvar]
7ffebc59e000-7ffebc5a0000 r-xp 00000000 00:00 0                          [vdso]
ffffffffff600000-ffffffffff601000 --xp 00000000 00:00 0                  [vsyscall]
Total number of mappings: 277


VM Arguments:
jvm_args: -XX:ThreadPriorityPolicy=1 -XX:+UnlockExperimentalVMOptions -XX:+EnableJVMCIProduct -XX:-UnlockExperimentalVMOptions 
java_command: com.nonglam.open_server.OpenServerApplication
java_class_path (initial): /home/dbt19/dev/open-server/target/classes:/home/dbt19/.m2/repository/org/springframework/boot/spring-boot-starter-data-jpa/3.4.4/spring-boot-starter-data-jpa-3.4.4.jar:/home/dbt19/.m2/repository/org/springframework/boot/spring-boot-starter/3.4.4/spring-boot-starter-3.4.4.jar:/home/dbt19/.m2/repository/org/springframework/boot/spring-boot/3.4.4/spring-boot-3.4.4.jar:/home/dbt19/.m2/repository/org/springframework/spring-core/6.2.5/spring-core-6.2.5.jar:/home/dbt19/.m2/repository/org/springframework/spring-jcl/6.2.5/spring-jcl-6.2.5.jar:/home/dbt19/.m2/repository/org/springframework/spring-context/6.2.5/spring-context-6.2.5.jar:/home/dbt19/.m2/repository/org/springframework/spring-aop/6.2.5/spring-aop-6.2.5.jar:/home/dbt19/.m2/repository/org/springframework/spring-beans/6.2.5/spring-beans-6.2.5.jar:/home/dbt19/.m2/repository/org/springframework/spring-expression/6.2.5/spring-expression-6.2.5.jar:/home/dbt19/.m2/repository/io/micrometer/micrometer-observation/1.14.5/micrometer-observation-1.14.5.jar:/home/dbt19/.m2/repository/io/micrometer/micrometer-commons/1.14.5/micrometer-commons-1.14.5.jar:/home/dbt19/.m2/repository/org/springframework/boot/spring-boot-autoconfigure/3.4.4/spring-boot-autoconfigure-3.4.4.jar:/home/dbt19/.m2/repository/org/springframework/boot/spring-boot-starter-logging/3.4.4/spring-boot-starter-logging-3.4.4.jar:/home/dbt19/.m2/repository/ch/qos/logback/logback-classic/1.5.18/logback-classic-1.5.18.jar:/home/dbt19/.m2/repository/ch/qos/logback/logback-core/1.5.18/logback-core-1.5.18.jar:/home/dbt19/.m2/repository/org/slf4j/slf4j-api/2.0.17/slf4j-api-2.0.17.jar:/home/dbt19/.m2/repository/org/apache/logging/log4j/log4j-to-slf4j/2.24.3/log4j-to-slf4j-2.24.3.jar:/home/dbt19/.m2/repository/org/apache/logging/log4j/log4j-api/2.24.3/log4j-api-2.24.3.jar:/home/dbt19/.m2/repository/org/slf4j/jul-to-slf4j/2.0.17/jul-to-slf4j-2.0.17.jar:/home/dbt19/.m2/repository/jakarta/annotation/jakarta.annotation-api/2.1.1/jakarta.annotation-api-2.1.1.jar:/home/dbt19/.m2/repository/org/yaml/snakeyaml/2.3/snakeyaml-2.3.jar:/home/dbt19/.m2/repository/org/springframework/boot/spring-boot-starter-jdbc/3.4.4/spring-boot-starter-jdbc-3.4.4.jar:/home/dbt19/.m2/repository/com/zaxxer/HikariCP/5.1.0/HikariCP-5.1.0.jar:/home/dbt19/.m2/repository/org/springframework/spring-jdbc/6.2.5/spring-jdbc-6.2.5.jar:/home/dbt19/.m2/repository/org/springframework/spring-tx/6.2.5/spring-tx-6.2.5.jar:/home/dbt19/.m2/repository/org/hibernate/orm/hibernate-core/6.6.11.Final/hibernate-core-6.6.11.Final.jar:/home/dbt19/.m2/repository/jakarta/persistence/jakarta.persistence-api/3.1.0/jakarta.persistence-api-3.1.0.jar:/home/dbt19/.m2/repository/jakarta/transaction/jakarta.transaction-api/2.0.1/jakarta.transaction-api-2.0.1.jar:/home/dbt19/.m2/repository/org/jboss/logging/jboss-logging/3.6.1.Final/jboss-logging-3.6.1.Final.jar:/home/dbt19/.m2/repository/org/hibernate/common/hibernate-commons-annotations/7.0.3.Final/hibernate-commons-annotations-7.0.3.Final.jar:/home/dbt19/.m2/repository/io/smallrye/jandex/3.2.0/jandex-3.2.0.jar:/home/dbt19/.m2/repository/com/fasterxml/classmate/1.7.0/classmate-1.7.0.jar:/home/dbt19/.m2/repository/net/bytebuddy/byte-buddy/1.15.11/byte-buddy-1.15.11.jar:/home/dbt19/.m2/repository/jakarta/xml/bind/jakarta.xml.bind-api/4.0.2/jakarta.xml.bind-api-4.0.2.jar:/home/dbt19/.m2/repository/jakarta/activation/jakarta.activation-api/2.1.3/jakarta.activation-api-2.1.3.jar:/home/dbt19/.m2/repository/org/glassfish/jaxb/jaxb-runtime/4.0.5/jaxb-runtime-4.0.5.jar:/home/dbt19/.m2/repository/org/glassfish/jaxb/jaxb-core/4.0.5/jaxb-core-4.0.5.jar:/home/dbt19/.m2/repository/org/eclipse/angus/angus-activation/2.0.2/angus-activation-2.0.2.jar:/home/dbt19/.m2/repository/org/glassfish/jaxb/txw2/4.0.5/txw2-4.0.5.jar:/home/dbt19/.m2/repository/com/sun/istack/istack-commons-runtime/4.1.2/istack-commons-runtime-4.1.2.jar:/home/dbt19/.m2/repository/jakarta/inject/jakarta.inject-api/2.0.1/jakarta.inject-api-2.0.1.jar:/home/dbt19/.m2/repository/org/antlr/antlr4-runtime/4.13.0/antlr4-runtime-4.13.0.jar:/home/dbt19/.m2/repository/org/springframework/data/spring-data-jpa/3.4.4/spring-data-jpa-3.4.4.jar:/home/dbt19/.m2/repository/org/springframework/data/spring-data-commons/3.4.4/spring-data-commons-3.4.4.jar:/home/dbt19/.m2/repository/org/springframework/spring-orm/6.2.5/spring-orm-6.2.5.jar:/home/dbt19/.m2/repository/org/springframework/spring-aspects/6.2.5/spring-aspects-6.2.5.jar:/home/dbt19/.m2/repository/org/aspectj/aspectjweaver/1.9.23/aspectjweaver-1.9.23.jar:/home/dbt19/.m2/repository/org/springframework/boot/spring-boot-starter-oauth2-resource-server/3.4.4/spring-boot-starter-oauth2-resource-server-3.4.4.jar:/home/dbt19/.m2/repository/org/springframework/security/spring-security-config/6.4.4/spring-security-config-6.4.4.jar:/home/dbt19/.m2/repository/org/springframework/security/spring-security-core/6.4.4/spring-security-core-6.4.4.jar:/home/dbt19/.m2/repository/org/springframework/security/spring-security-crypto/6.4.4/spring-security-crypto-6.4.4.jar:/home/dbt19/.m2/repository/org/springframework/security/spring-security-oauth2-resource-server/6.4.4/spring-security-oauth2-resource-server-6.4.4.jar:/home/dbt19/.m2/repository/org/springframework/security/spring-security-oauth2-core/6.4.4/spring-security-oauth2-core-6.4.4.jar:/home/dbt19/.m2/repository/org/springframework/spring-web/6.2.5/spring-web-6.2.5.jar:/home/dbt19/.m2/repository/org/springframework/security/spring-security-web/6.4.4/spring-security-web-6.4.4.jar:/home/dbt19/.m2/repository/org/springframework/security/spring-security-oauth2-jose/6.4.4/spring-security-oauth2-jose-6.4.4.jar:/home/dbt19/.m2/repository/com/nimbusds/nimbus-jose-jwt/9.37.3/nimbus-jose-jwt-9.37.3.jar:/home/dbt19/.m2/repository/com/github/stephenc/jcip/jcip-annotations/1.0-1/jcip-annotations-1.0-1.jar:/home/dbt19/.m2/repository/org/springframework/boot/spring-boot-starter-web/3.4.4/spring-boot-starter-web-3.4.4.jar:/home/dbt19/.m2/repository/org/springframework/boot/spring-boot-starter-json/3.4.4/spring-boot-starter-json-3.4.4.jar:/home/dbt19/.m2/repository/com/fasterxml/jackson/core/jackson-databind/2.18.3/jackson-databind-2.18.3.jar:/home/dbt19/.m2/repository/com/fasterxml/jackson/core/jackson-annotations/2.18.3/jackson-annotations-2.18.3.jar:/home/dbt19/.m2/repository/com/fasterxml/jackson/core/jackson-core/2.18.3/jackson-core-2.18.3.jar:/home/dbt19/.m2/repository/com/fasterxml/jackson/datatype/jackson-datatype-jdk8/2.18.3/jackson-datatype-jdk8-2.18.3.jar:/home/dbt19/.m2/repository/com/fasterxml/jackson/datatype/jackson-datatype-jsr310/2.18.3/jackson-datatype-jsr310-2.18.3.jar:/home/dbt19/.m2/repository/com/fasterxml/jackson/module/jackson-module-parameter-names/2.18.3/jackson-module-parameter-names-2.18.3.jar:/home/dbt19/.m2/repository/org/springframework/boot/spring-boot-starter-tomcat/3.4.4/spring-boot-starter-tomcat-3.4.4.jar:/home/dbt19/.m2/repository/org/apache/tomcat/embed/tomcat-embed-core/10.1.39/tomcat-embed-core-10.1.39.jar:/home/dbt19/.m2/repository/org/apache/tomcat/embed/tomcat-embed-el/10.1.39/tomcat-embed-el-10.1.39.jar:/home/dbt19/.m2/repository/org/apache/tomcat/embed/tomcat-embed-websocket/10.1.39/tomcat-embed-websocket-10.1.39.jar:/home/dbt19/.m2/repository/org/springframework/spring-webmvc/6.2.5/spring-webmvc-6.2.5.jar:/home/dbt19/.m2/repository/org/springframework/boot/spring-boot-starter-security/3.4.4/spring-boot-starter-security-3.4.4.jar:/home/dbt19/.m2/repository/io/jsonwebtoken/jjwt-api/0.11.5/jjwt-api-0.11.5.jar:/home/dbt19/.m2/repository/io/jsonwebtoken/jjwt-impl/0.11.5/jjwt-impl-0.11.5.jar:/home/dbt19/.m2/repository/io/jsonwebtoken/jjwt-jackson/0.11.5/jjwt-jackson-0.11.5.jar:/home/dbt19/.m2/repository/org/springframework/boot/spring-boot-devtools/3.4.4/spring-boot-devtools-3.4.4.jar:/home/dbt19/.m2/repository/com/google/api-client/google-api-client/2.7.2/google-api-client-2.7.2.jar:/home/dbt19/.m2/repository/commons-codec/commons-codec/1.17.2/commons-codec-1.17.2.jar:/home/dbt19/.m2/repository/com/google/oauth-client/google-oauth-client/1.36.0/google-oauth-client-1.36.0.jar:/home/dbt19/.m2/repository/com/google/http-client/google-http-client/1.45.2/google-http-client-1.45.2.jar:/home/dbt19/.m2/repository/org/apache/httpcomponents/httpclient/4.5.14/httpclient-4.5.14.jar:/home/dbt19/.m2/repository/org/apache/httpcomponents/httpcore/4.4.16/httpcore-4.4.16.jar:/home/dbt19/.m2/repository/commons-logging/commons-logging/1.2/commons-logging-1.2.jar:/home/dbt19/.m2/repository/com/google/code/findbugs/jsr305/3.0.2/jsr305-3.0.2.jar:/home/dbt19/.m2/repository/com/google/errorprone/error_prone_annotations/2.35.1/error_prone_annotations-2.35.1.jar:/home/dbt19/.m2/repository/com/google/guava/guava/33.1.0-jre/guava-33.1.0-jre.jar:/home/dbt19/.m2/repository/com/google/guava/failureaccess/1.0.2/failureaccess-1.0.2.jar:/home/dbt19/.m2/repository/com/google/guava/listenablefuture/9999.0-empty-to-avoid-conflict-with-guava/listenablefuture-9999.0-empty-to-avoid-conflict-with-guava.jar:/home/dbt19/.m2/repository/com/google/j2objc/j2objc-annotations/3.0.0/j2objc-annotations-3.0.0.jar:/home/dbt19/.m2/repository/io/opencensus/opencensus-api/0.31.1/opencensus-api-0.31.1.jar:/home/dbt19/.m2/repository/io/grpc/grpc-context/1.68.2/grpc-context-1.68.2.jar:/home/dbt19/.m2/repository/io/opencensus/opencensus-contrib-http-util/0.31.1/opencensus-contrib-http-util-0.31.1.jar:/home/dbt19/.m2/repository/com/google/http-client/google-http-client-gson/1.45.2/google-http-client-gson-1.45.2.jar:/home/dbt19/.m2/repository/com/google/code/gson/gson/2.11.0/gson-2.11.0.jar:/home/dbt19/.m2/repository/org/checkerframework/checker-qual/3.42.0/checker-qual-3.42.0.jar:/home/dbt19/.m2/repository/com/google/auth/google-auth-library-credentials/1.30.0/google-auth-library-credentials-1.30.0.jar:/home/dbt19/.m2/repository/com/google/auth/google-auth-library-oauth2-http/1.30.0/google-auth-library-oauth2-http-1.30.0.jar:/home/dbt19/.m2/repository/com/google/auto/value/auto-value-annotations/1.11.0/auto-value-annotations-1.11.0.jar:/home/dbt19/.m2/repository/com/google/http-client/google-http-client-apache-v2/1.45.2/google-http-client-apache-v2-1.45.2.jar:/home/dbt19/.m2/repository/io/grpc/grpc-api/1.68.2/grpc-api-1.68.2.jar:/home/dbt19/.m2/repository/com/mysql/mysql-connector-j/9.1.0/mysql-connector-j-9.1.0.jar:/home/dbt19/.m2/repository/org/projectlombok/lombok/1.18.36/lombok-1.18.36.jar:/home/dbt19/.m2/repository/org/springframework/boot/spring-boot-starter-test/3.4.4/spring-boot-starter-test-3.4.4.jar:/home/dbt19/.m2/repository/org/springframework/boot/spring-boot-test/3.4.4/spring-boot-test-3.4.4.jar:/home/dbt19/.m2/repository/org/springframework/spring-test/6.2.5/spring-test-6.2.5.jar:/home/dbt19/.m2/repository/org/springframework/boot/spring-boot-test-autoconfigure/3.4.4/spring-boot-test-autoconfigure-3.4.4.jar:/home/dbt19/.m2/repository/com/jayway/jsonpath/json-path/2.9.0/json-path-2.9.0.jar:/home/dbt19/.m2/repository/net/minidev/json-smart/2.5.2/json-smart-2.5.2.jar:/home/dbt19/.m2/repository/net/minidev/accessors-smart/2.5.2/accessors-smart-2.5.2.jar:/home/dbt19/.m2/repository/org/ow2/asm/asm/9.7.1/asm-9.7.1.jar:/home/dbt19/.m2/repository/org/assertj/assertj-core/3.26.3/assertj-core-3.26.3.jar:/home/dbt19/.m2/repository/org/awaitility/awaitility/4.2.2/awaitility-4.2.2.jar:/home/dbt19/.m2/repository/org/hamcrest/hamcrest/2.2/hamcrest-2.2.jar:/home/dbt19/.m2/repository/org/junit/jupiter/junit-jupiter/5.11.4/junit-jupiter-5.11.4.jar:/home/dbt19/.m2/repository/org/junit/jupiter/junit-jupiter-api/5.11.4/junit-jupiter-api-5.11.4.jar:/home/dbt19/.m2/repository/org/opentest4j/opentest4j/1.3.0/opentest4j-1.3.0.jar:/home/dbt19/.m2/repository/org/junit/platform/junit-platform-commons/1.11.4/junit-platform-commons-1.11.4.jar:/home/dbt19/.m2/repository/org/apiguardian/apiguardian-api/1.1.2/apiguardian-api-1.1.2.jar:/home/dbt19/.m2/repository/org/junit/jupiter/junit-jupiter-params/5.11.4/junit-jupiter-params-5.11.4.jar:/home/dbt19/.m2/repository/org/junit/jupiter/junit-jupiter-engine/5.11.4/junit-jupiter-engine-5.11.4.jar:/home/dbt19/.m2/repository/org/junit/platform/junit-platform-engine/1.11.4/junit-platform-engine-1.11.4.jar:/home/dbt19/.m2/repository/org/mockito/mockito-core/5.14.2/mockito-core-5.14.2.jar:/home/dbt19/.m2/repository/net/bytebuddy/byte-buddy-agent/1.15.11/byte-buddy-agent-1.15.11.jar:/home/dbt19/.m2/repository/org/objenesis/objenesis/3.3/objenesis-3.3.jar:/home/dbt19/.m2/repository/org/mockito/mockito-junit-jupiter/5.14.2/mockito-junit-jupiter-5.14.2.jar:/home/dbt19/.m2/repository/org/skyscreamer/jsonassert/1.5.3/jsonassert-1.5.3.jar:/home/dbt19/.m2/repository/com/vaadin/external/google/android-json/0.0.20131108.vaadin1/android-json-0.0.20131108.vaadin1.jar:/home/dbt19/.m2/repository/org/xmlunit/xmlunit-core/2.10.0/xmlunit-core-2.10.0.jar:/home/dbt19/.m2/repository/org/springframework/boot/spring-boot-starter-websocket/3.4.4/spring-boot-starter-websocket-3.4.4.jar:/home/dbt19/.m2/repository/org/springframework/spring-messaging/6.2.5/spring-messaging-6.2.5.jar:/home/dbt19/.m2/repository/org/springframework/spring-websocket/6.2.5/spring-websocket-6.2.5.jar
Launcher Type: SUN_STANDARD

[Global flags]
     intx CICompilerCount                          = 3                                         {product} {ergonomic}
     uint ConcGCThreads                            = 1                                         {product} {ergonomic}
     bool EnableJVMCIProduct                       = true                                {JVMCI product} {jimage}
     uint G1ConcRefinementThreads                  = 4                                         {product} {ergonomic}
   size_t G1HeapRegionSize                         = 1048576                                   {product} {ergonomic}
    uintx GCDrainStackTargetSize                   = 64                                        {product} {ergonomic}
   size_t InitialHeapSize                          = 130023424                                 {product} {ergonomic}
   size_t MarkStackSize                            = 4194304                                   {product} {ergonomic}
   size_t MaxHeapSize                              = 2051014656                                {product} {ergonomic}
   size_t MaxNewSize                               = 1229979648                                {product} {ergonomic}
   size_t MinHeapDeltaBytes                        = 1048576                                   {product} {ergonomic}
   size_t MinHeapSize                              = 8388608                                   {product} {ergonomic}
    uintx NonNMethodCodeHeapSize                   = 6402904                                {pd product} {ergonomic}
    uintx NonProfiledCodeHeapSize                  = 122627668                              {pd product} {ergonomic}
    uintx ProfiledCodeHeapSize                     = 122627668                              {pd product} {ergonomic}
    uintx ReservedCodeCacheSize                    = 251658240                              {pd product} {ergonomic}
     bool SegmentedCodeCache                       = true                                      {product} {ergonomic}
   size_t SoftMaxHeapSize                          = 2051014656                             {manageable} {ergonomic}
      int ThreadPriorityPolicy                     = 1                                         {product} {jimage}
     bool UseCompressedOops                        = true                           {product lp64_product} {ergonomic}
     bool UseG1GC                                  = true                                      {product} {ergonomic}

Logging:
Log output configuration:
 #0: stdout all=warning uptime,level,tags foldmultilines=false
 #1: stderr all=off uptime,level,tags foldmultilines=false

Environment Variables:
JAVA_HOME=/home/dbt19/.sdkman/candidates/java/current
PATH=/home/dbt19/.local/share/nvim/mason/bin:/home/dbt19/.local/share/nvim/mason/bin:/home/dbt19/.sdkman/candidates/java/current/bin:/home/dbt19/.nvm/versions/node/v22.2.0/bin:/home/dbt19/.local/bin:/usr/local/sbin:/usr/local/bin:/usr/sbin:/usr/bin:/sbin:/bin:/usr/games:/usr/local/games:/snap/bin:/snap/bin
USERNAME=dbt19
LD_LIBRARY_PATH=:/var/lib/snapd/lib/gl:/var/lib/snapd/lib/gl32:/var/lib/snapd/void
SHELL=/bin/bash
DISPLAY=:0
LANG=en_US.UTF-8
LC_NUMERIC=vi_VN
LC_TIME=vi_VN
TERM=ansi

Active Locale:
LC_ALL=LC_CTYPE=en_US.UTF-8;LC_NUMERIC=vi_VN;LC_TIME=vi_VN;LC_COLLATE=en_US.UTF-8;LC_MONETARY=vi_VN;LC_MESSAGES=en_US.UTF-8;LC_PAPER=vi_VN;LC_NAME=vi_VN;LC_ADDRESS=vi_VN;LC_TELEPHONE=vi_VN;LC_MEASUREMENT=vi_VN;LC_IDENTIFICATION=vi_VN
LC_COLLATE=en_US.UTF-8
LC_CTYPE=en_US.UTF-8
LC_MESSAGES=en_US.UTF-8
LC_MONETARY=vi_VN
LC_NUMERIC=vi_VN
LC_TIME=vi_VN

Signal Handlers:
   SIGSEGV: crash_handler in libjvm.so, mask=11100100010111111101111111111110, flags=SA_RESTART|SA_SIGINFO, unblocked
    SIGBUS: crash_handler in libjvm.so, mask=11100100010111111101111111111110, flags=SA_RESTART|SA_SIGINFO, unblocked
    SIGFPE: crash_handler in libjvm.so, mask=11100100010111111101111111111110, flags=SA_RESTART|SA_SIGINFO, unblocked
   SIGPIPE: javaSignalHandler in libjvm.so, mask=11100100010111111101111111111110, flags=SA_RESTART|SA_SIGINFO, blocked
   SIGXFSZ: javaSignalHandler in libjvm.so, mask=11100100010111111101111111111110, flags=SA_RESTART|SA_SIGINFO, blocked
    SIGILL: crash_handler in libjvm.so, mask=11100100010111111101111111111110, flags=SA_RESTART|SA_SIGINFO, unblocked
   SIGUSR2: SR_handler in libjvm.so, mask=00000000000000000000000000000000, flags=SA_RESTART|SA_SIGINFO, blocked
    SIGHUP: UserHandler in libjvm.so, mask=11100100010111111101111111111110, flags=SA_RESTART|SA_SIGINFO, blocked
    SIGINT: UserHandler in libjvm.so, mask=11100100010111111101111111111110, flags=SA_RESTART|SA_SIGINFO, blocked
   SIGTERM: UserHandler in libjvm.so, mask=11100100010111111101111111111110, flags=SA_RESTART|SA_SIGINFO, blocked
   SIGQUIT: UserHandler in libjvm.so, mask=11100100010111111101111111111110, flags=SA_RESTART|SA_SIGINFO, blocked
   SIGTRAP: crash_handler in libjvm.so, mask=11100100010111111101111111111110, flags=SA_RESTART|SA_SIGINFO, unblocked


Periodic native trim disabled

---------------  S Y S T E M  ---------------

OS:
DISTRIB_ID=Ubuntu
DISTRIB_RELEASE=22.04
DISTRIB_CODENAME=jammy
DISTRIB_DESCRIPTION="Ubuntu 22.04.5 LTS"
uname: Linux 6.8.0-57-generic #59~22.04.1-Ubuntu SMP PREEMPT_DYNAMIC Wed Mar 19 17:07:41 UTC 2 x86_64
OS uptime: 0 days 2:35 hours
libc: glibc 2.35 NPTL 2.35 
rlimit (soft/hard): STACK 8192k/infinity , CORE 0k/infinity , NPROC 30984/30984 , NOFILE 1048576/1048576 , AS infinity/infinity , CPU infinity/infinity , DATA infinity/infinity , FSIZE infinity/infinity , MEMLOCK 1001408k/1001408k
load average: 2,02 1,42 1,35

/proc/meminfo:
MemTotal:        8011292 kB
MemFree:         1148332 kB
MemAvailable:    1838876 kB
Buffers:           43384 kB
Cached:          1301416 kB
SwapCached:        75652 kB
Active:          4028104 kB
Inactive:        2160352 kB
Active(anon):    3703356 kB
Inactive(anon):  1618900 kB
Active(file):     324748 kB
Inactive(file):   541452 kB
Unevictable:      153980 kB
Mlocked:              32 kB
SwapTotal:       4194300 kB
SwapFree:        2133244 kB
Zswap:                 0 kB
Zswapped:              0 kB
Dirty:               472 kB
Writeback:             0 kB
AnonPages:       4945988 kB
Mapped:           747444 kB
Shmem:            478508 kB
KReclaimable:      98432 kB
Slab:             290332 kB
SReclaimable:      98432 kB
SUnreclaim:       191900 kB
KernelStack:       17056 kB
PageTables:        83940 kB
SecPageTables:         0 kB
NFS_Unstable:          0 kB
Bounce:                0 kB
WritebackTmp:          0 kB
CommitLimit:     8199944 kB
Committed_AS:   20679676 kB
VmallocTotal:   34359738367 kB
VmallocUsed:       53460 kB
VmallocChunk:          0 kB
Percpu:             4384 kB
HardwareCorrupted:     0 kB
AnonHugePages:         0 kB
ShmemHugePages:        0 kB
ShmemPmdMapped:        0 kB
FileHugePages:         0 kB
FilePmdMapped:         0 kB
Unaccepted:            0 kB
HugePages_Total:       0
HugePages_Free:        0
HugePages_Rsvd:        0
HugePages_Surp:        0
Hugepagesize:       2048 kB
Hugetlb:               0 kB
DirectMap4k:      188312 kB
DirectMap2M:     3885056 kB
DirectMap1G:     5242880 kB

/sys/kernel/mm/transparent_hugepage/enabled: always [madvise] never
/sys/kernel/mm/transparent_hugepage/defrag (defrag/compaction efforts parameter): always defer defer+madvise [madvise] never

Process Memory:
Virtual Size: 38873884K (peak: 38930400K)
Resident Set Size: 242136K (peak: 242136K) (anon: 184700K, file: 57436K, shmem: 0K)
Swapped out: 0K
C-Heap outstanding allocations: 46874K, retained: 2409K
glibc malloc tunables: (default)

/proc/sys/kernel/threads-max (system-wide limit on the number of threads): 61968
/proc/sys/vm/max_map_count (maximum number of memory map areas a process may have): 65530
/proc/sys/kernel/pid_max (system-wide limit on number of process identifiers): 4194304

container (cgroup) information:
container_type: cgroupv2
cpu_cpuset_cpus: not supported
cpu_memory_nodes: not supported
active_processor_count: 4
cpu_quota: not supported
cpu_period: not supported
cpu_shares: not supported
memory_limit_in_bytes: unlimited
memory_and_swap_limit_in_bytes: unlimited
memory_soft_limit_in_bytes: unlimited
memory_usage_in_bytes: 2383216 k
memory_max_usage_in_bytes: not supported
memory_swap_current_in_bytes: 83996 k
memory_swap_max_limit_in_bytes: unlimited
maximum number of tasks: 9295
current number of tasks: 107

Steal ticks since vm start: 0
Steal ticks percentage since vm start:  0,000

CPU: total 4 (initial active 4) (2 cores per cpu, 2 threads per core) family 6 model 142 stepping 9 microcode 0xf6, cx8, cmov, fxsr, ht, mmx, 3dnowpref, sse, sse2, sse3, ssse3, sse4.1, sse4.2, popcnt, lzcnt, tsc, tscinvbit, avx, avx2, aes, erms, clmul, bmi1, bmi2, adx, fma, vzeroupper, clflush, clflushopt, rdtscp, f16c
CPU Model and flags from /proc/cpuinfo:
model name	: Intel(R) Core(TM) i5-7200U CPU @ 2.50GHz
flags		: fpu vme de pse tsc msr pae mce cx8 apic sep mtrr pge mca cmov pat pse36 clflush dts acpi mmx fxsr sse sse2 ss ht tm pbe syscall nx pdpe1gb rdtscp lm constant_tsc art arch_perfmon pebs bts rep_good nopl xtopology nonstop_tsc cpuid aperfmperf pni pclmulqdq dtes64 monitor ds_cpl vmx est tm2 ssse3 sdbg fma cx16 xtpr pdcm pcid sse4_1 sse4_2 x2apic movbe popcnt tsc_deadline_timer aes xsave avx f16c rdrand lahf_lm abm 3dnowprefetch cpuid_fault epb pti ssbd ibrs ibpb stibp tpr_shadow flexpriority ept vpid ept_ad fsgsbase tsc_adjust bmi1 avx2 smep bmi2 erms invpcid mpx rdseed adx smap clflushopt intel_pt xsaveopt xsavec xgetbv1 xsaves dtherm ida arat pln pts hwp hwp_notify hwp_act_window hwp_epp vnmi md_clear flush_l1d arch_capabilities

Online cpus: 0-3
Offline cpus: 
BIOS frequency limitation: <Not Available>
Frequency switch latency (ns): 0
Available cpu frequencies: <Not Available>
Current governor: powersave
Core performance/turbo boost: <Not Available>

Memory: 4k page, physical 8011292k(1838876k free), swap 4194300k(2133244k free)
Page Sizes: 4k

vm_info: Java HotSpot(TM) 64-Bit Server VM (21.0.6+8-LTS-jvmci-23.1-b55) for linux-amd64 JRE (21.0.6+8-LTS-jvmci-23.1-b55), built on 2024-12-05T11:01:02Z by "buildslave" with gcc 11.2.0

END.
